0:0:0:0:0:0:0:1 -  -  [01/May/2015:16:16:55 +0000] "GET /DEMO HTTP/1.1" 404 1271 
0:0:0:0:0:0:0:1 -  -  [01/May/2015:16:16:55 +0000] "GET /favicon.ico HTTP/1.1" 200 1150 
0:0:0:0:0:0:0:1 -  -  [01/May/2015:16:17:02 +0000] "GET /demo/ HTTP/1.1" 200 90 
0:0:0:0:0:0:0:1 -  -  [01/May/2015:16:17:02 +0000] "GET /demo/home.faces HTTP/1.1" 200 3370 
0:0:0:0:0:0:0:1 -  -  [01/May/2015:16:17:05 +0000] "GET /demo/javax.faces.resource/jquery/jquery.js.faces;jsessionid=1hiyrxpgf8bbf1q5ublsq4743w?ln=primefaces&v=4.0 HTTP/1.1" 200 105384 
0:0:0:0:0:0:0:1 -  -  [01/May/2015:16:17:05 +0000] "GET /demo/javax.faces.resource/layout/layout.css.faces;jsessionid=1hiyrxpgf8bbf1q5ublsq4743w?ln=primefaces&v=4.0 HTTP/1.1" 200 238 
0:0:0:0:0:0:0:1 -  -  [01/May/2015:16:17:06 +0000] "GET /demo/javax.faces.resource/layout/layout.js.faces;jsessionid=1hiyrxpgf8bbf1q5ublsq4743w?ln=primefaces&v=4.0 HTTP/1.1" 200 87560 
0:0:0:0:0:0:0:1 -  -  [01/May/2015:16:17:05 +0000] "GET /demo/javax.faces.resource/css/main.css.faces;jsessionid=1hiyrxpgf8bbf1q5ublsq4743w HTTP/1.1" 200 2629 
0:0:0:0:0:0:0:1 -  -  [01/May/2015:16:17:06 +0000] "GET /demo/javax.faces.resource/js/main.js.faces;jsessionid=1hiyrxpgf8bbf1q5ublsq4743w HTTP/1.1" 200 3995 
0:0:0:0:0:0:0:1 -  -  [01/May/2015:16:17:05 +0000] "GET /demo/javax.faces.resource/jquery/jquery-plugins.js.faces;jsessionid=1hiyrxpgf8bbf1q5ublsq4743w?ln=primefaces&v=4.0 HTTP/1.1" 200 220526 
0:0:0:0:0:0:0:1 -  -  [01/May/2015:16:17:06 +0000] "GET /demo/javax.faces.resource/js/primefaces-locale.js.faces;jsessionid=1hiyrxpgf8bbf1q5ublsq4743w HTTP/1.1" 200 1132 
0:0:0:0:0:0:0:1 -  -  [01/May/2015:16:17:05 +0000] "GET /demo/javax.faces.resource/theme.css.faces?ln=primefaces-bootstrap HTTP/1.1" 200 5579 
0:0:0:0:0:0:0:1 -  -  [01/May/2015:16:17:06 +0000] "GET /demo/javax.faces.resource/primefaces.js.faces;jsessionid=1hiyrxpgf8bbf1q5ublsq4743w?ln=primefaces&v=4.0 HTTP/1.1" 200 276924 
0:0:0:0:0:0:0:1 -  -  [01/May/2015:16:17:06 +0000] "GET /demo/javax.faces.resource/jsf.js.faces?ln=javax.faces&stage=Development HTTP/1.1" 200 117623 
0:0:0:0:0:0:0:1 -  -  [01/May/2015:16:17:05 +0000] "GET /demo/javax.faces.resource/primefaces.css.faces;jsessionid=1hiyrxpgf8bbf1q5ublsq4743w?ln=primefaces&v=4.0 HTTP/1.1" 200 9955 
0:0:0:0:0:0:0:1 -  -  [01/May/2015:16:17:07 +0000] "GET /demo/javax.faces.resource/icons/environment/development.gif.faces HTTP/1.1" 200 1589 
0:0:0:0:0:0:0:1 -  -  [01/May/2015:16:17:07 +0000] "GET /demo/javax.faces.resource/img/logo.png.faces HTTP/1.1" 200 11100 
0:0:0:0:0:0:0:1 -  -  [01/May/2015:16:17:07 +0000] "GET /demo/javax.faces.resource/icons/login.png.faces HTTP/1.1" 200 485 
0:0:0:0:0:0:0:1 -  -  [01/May/2015:16:17:07 +0000] "GET /demo/javax.faces.resource/icons/home.png.faces HTTP/1.1" 200 1273 
0:0:0:0:0:0:0:1 -  -  [01/May/2015:16:17:07 +0000] "GET /demo/javax.faces.resource/icons/fr.gif.faces HTTP/1.1" 200 1006 
0:0:0:0:0:0:0:1 -  -  [01/May/2015:16:17:07 +0000] "GET /demo/javax.faces.resource/images/ui-icons_333333_256x240.png.faces?ln=primefaces-bootstrap HTTP/1.1" 200 4369 
0:0:0:0:0:0:0:1 -  -  [01/May/2015:16:17:33 +0000] "GET /demo/login.faces;jsessionid=1hiyrxpgf8bbf1q5ublsq4743w HTTP/1.1" 200 2585 
0:0:0:0:0:0:0:1 -  -  [01/May/2015:16:17:34 +0000] "GET /demo/javax.faces.resource/jquery/jquery.js.faces?ln=primefaces&v=4.0 HTTP/1.1" 200 105384 
0:0:0:0:0:0:0:1 -  -  [01/May/2015:16:17:34 +0000] "GET /demo/javax.faces.resource/theme.css.faces?ln=primefaces-bootstrap HTTP/1.1" 304 0 
0:0:0:0:0:0:0:1 -  -  [01/May/2015:16:17:34 +0000] "GET /demo/javax.faces.resource/jquery/jquery-plugins.js.faces?ln=primefaces&v=4.0 HTTP/1.1" 200 220526 
0:0:0:0:0:0:0:1 -  -  [01/May/2015:16:17:34 +0000] "GET /demo/javax.faces.resource/layout/layout.css.faces?ln=primefaces&v=4.0 HTTP/1.1" 200 238 
0:0:0:0:0:0:0:1 -  -  [01/May/2015:16:17:34 +0000] "GET /demo/javax.faces.resource/js/main.js.faces HTTP/1.1" 200 3995 
0:0:0:0:0:0:0:1 -  -  [01/May/2015:16:17:34 +0000] "GET /demo/javax.faces.resource/js/primefaces-locale.js.faces HTTP/1.1" 200 1132 
0:0:0:0:0:0:0:1 -  -  [01/May/2015:16:17:34 +0000] "GET /demo/javax.faces.resource/layout/layout.js.faces?ln=primefaces&v=4.0 HTTP/1.1" 200 87560 
0:0:0:0:0:0:0:1 -  -  [01/May/2015:16:17:34 +0000] "GET /demo/javax.faces.resource/spacer/dot_clear.gif.faces?ln=primefaces&v=4.0 HTTP/1.1" 200 42 
0:0:0:0:0:0:0:1 -  -  [01/May/2015:16:17:34 +0000] "GET /demo/javax.faces.resource/primefaces.js.faces?ln=primefaces&v=4.0 HTTP/1.1" 200 276924 
0:0:0:0:0:0:0:1 -  -  [01/May/2015:16:17:34 +0000] "GET /demo/javax.faces.resource/css/main.css.faces HTTP/1.1" 200 2629 
0:0:0:0:0:0:0:1 -  -  [01/May/2015:16:17:34 +0000] "GET /demo/javax.faces.resource/primefaces.css.faces?ln=primefaces&v=4.0 HTTP/1.1" 200 9955 
0:0:0:0:0:0:0:1 -  -  [01/May/2015:16:17:36 +0000] "GET /demo/javax.faces.resource/icons/environment/development.gif.faces HTTP/1.1" 304 0 
0:0:0:0:0:0:0:1 -  -  [01/May/2015:16:17:36 +0000] "GET /demo/javax.faces.resource/img/logo.png.faces HTTP/1.1" 304 0 
0:0:0:0:0:0:0:1 -  -  [01/May/2015:16:17:36 +0000] "GET /demo/javax.faces.resource/icons/home.png.faces HTTP/1.1" 304 0 
0:0:0:0:0:0:0:1 -  -  [01/May/2015:16:17:36 +0000] "GET /demo/javax.faces.resource/icons/fr.gif.faces HTTP/1.1" 304 0 
0:0:0:0:0:0:0:1 -  -  [01/May/2015:16:17:36 +0000] "GET /demo/javax.faces.resource/icons/login.png.faces HTTP/1.1" 304 0 
0:0:0:0:0:0:0:1 -  -  [01/May/2015:16:17:43 +0000] "POST /demo/login.faces HTTP/1.1" 200 533 
0:0:0:0:0:0:0:1 -  -  [01/May/2015:16:17:45 +0000] "GET /demo/javax.faces.resource/images/ui-icons_333333_256x240.png.faces?ln=primefaces-bootstrap HTTP/1.1" 304 0 
0:0:0:0:0:0:0:1 -  -  [01/May/2015:16:17:45 +0000] "GET /demo/javax.faces.resource/messages/messages.png.faces?ln=primefaces&v=4.0 HTTP/1.1" 200 27209 
0:0:0:0:0:0:0:1 -  -  [01/May/2015:16:17:55 +0000] "POST /demo/login.faces HTTP/1.1" 200 533 
0:0:0:0:0:0:0:1 -  -  [01/May/2015:16:18:16 +0000] "POST /demo/login.faces HTTP/1.1" 200 533 
0:0:0:0:0:0:0:1 -  -  [01/May/2015:16:18:21 +0000] "POST /demo/login.faces HTTP/1.1" 200 533 
0:0:0:0:0:0:0:1 -  -  [01/May/2015:16:23:00 +0000] "POST /demo/login.faces HTTP/1.1" 200 120 
0:0:0:0:0:0:0:1 -  -  [01/May/2015:16:23:00 +0000] "GET /demo/home.faces HTTP/1.1" 200 3337 
0:0:0:0:0:0:0:1 -  -  [01/May/2015:16:23:01 +0000] "GET /demo/javax.faces.resource/css/main.css.faces HTTP/1.1" 304 0 
0:0:0:0:0:0:0:1 -  -  [01/May/2015:16:23:01 +0000] "GET /demo/javax.faces.resource/jquery/jquery.js.faces?ln=primefaces&v=4.0 HTTP/1.1" 304 0 
0:0:0:0:0:0:0:1 -  -  [01/May/2015:16:23:01 +0000] "GET /demo/javax.faces.resource/primefaces.css.faces?ln=primefaces&v=4.0 HTTP/1.1" 304 0 
0:0:0:0:0:0:0:1 -  -  [01/May/2015:16:23:01 +0000] "GET /demo/javax.faces.resource/theme.css.faces?ln=primefaces-bootstrap HTTP/1.1" 304 0 
0:0:0:0:0:0:0:1 -  -  [01/May/2015:16:23:01 +0000] "GET /demo/javax.faces.resource/jquery/jquery-plugins.js.faces?ln=primefaces&v=4.0 HTTP/1.1" 304 0 
0:0:0:0:0:0:0:1 -  -  [01/May/2015:16:23:01 +0000] "GET /demo/javax.faces.resource/layout/layout.js.faces?ln=primefaces&v=4.0 HTTP/1.1" 304 0 
0:0:0:0:0:0:0:1 -  -  [01/May/2015:16:23:01 +0000] "GET /demo/javax.faces.resource/js/main.js.faces HTTP/1.1" 304 0 
0:0:0:0:0:0:0:1 -  -  [01/May/2015:16:23:01 +0000] "GET /demo/javax.faces.resource/js/primefaces-locale.js.faces HTTP/1.1" 304 0 
0:0:0:0:0:0:0:1 -  -  [01/May/2015:16:23:01 +0000] "GET /demo/javax.faces.resource/jsf.js.faces?ln=javax.faces&stage=Development HTTP/1.1" 304 0 
0:0:0:0:0:0:0:1 -  -  [01/May/2015:16:23:01 +0000] "GET /demo/javax.faces.resource/primefaces.js.faces?ln=primefaces&v=4.0 HTTP/1.1" 304 0 
0:0:0:0:0:0:0:1 -  -  [01/May/2015:16:23:01 +0000] "GET /demo/javax.faces.resource/layout/layout.css.faces?ln=primefaces&v=4.0 HTTP/1.1" 304 0 
0:0:0:0:0:0:0:1 -  -  [01/May/2015:16:23:18 +0000] "POST /demo/home.faces HTTP/1.1" 302 0 
0:0:0:0:0:0:0:1 -  -  [01/May/2015:16:23:18 +0000] "GET /demo/domain/accountSelect.faces?_cid=1c1 HTTP/1.1" 403 10889 
0:0:0:0:0:0:0:1 -  -  [01/May/2015:16:23:19 +0000] "GET /demo/javax.faces.resource/theme.css.faces?ln=primefaces-bootstrap HTTP/1.1" 304 0 
0:0:0:0:0:0:0:1 -  -  [01/May/2015:16:23:19 +0000] "GET /demo/javax.faces.resource/primefaces.js.faces?ln=primefaces&v=4.0 HTTP/1.1" 304 0 
0:0:0:0:0:0:0:1 -  -  [01/May/2015:16:23:19 +0000] "GET /demo/javax.faces.resource/layout/layout.css.faces?ln=primefaces&v=4.0 HTTP/1.1" 304 0 
0:0:0:0:0:0:0:1 -  -  [01/May/2015:16:23:19 +0000] "GET /demo/javax.faces.resource/css/main.css.faces HTTP/1.1" 304 0 
0:0:0:0:0:0:0:1 -  -  [01/May/2015:16:23:19 +0000] "GET /demo/javax.faces.resource/layout/layout.js.faces?ln=primefaces&v=4.0 HTTP/1.1" 304 0 
0:0:0:0:0:0:0:1 -  -  [01/May/2015:16:23:19 +0000] "GET /demo/javax.faces.resource/jquery/jquery-plugins.js.faces?ln=primefaces&v=4.0 HTTP/1.1" 304 0 
0:0:0:0:0:0:0:1 -  -  [01/May/2015:16:23:19 +0000] "GET /demo/javax.faces.resource/primefaces.css.faces?ln=primefaces&v=4.0 HTTP/1.1" 304 0 
0:0:0:0:0:0:0:1 -  -  [01/May/2015:16:23:19 +0000] "GET /demo/javax.faces.resource/js/primefaces-locale.js.faces HTTP/1.1" 304 0 
0:0:0:0:0:0:0:1 -  -  [01/May/2015:16:23:19 +0000] "GET /demo/javax.faces.resource/jquery/jquery.js.faces?ln=primefaces&v=4.0 HTTP/1.1" 304 0 
0:0:0:0:0:0:0:1 -  -  [01/May/2015:16:23:19 +0000] "GET /demo/javax.faces.resource/js/main.js.faces HTTP/1.1" 304 0 
0:0:0:0:0:0:0:1 -  -  [01/May/2015:16:23:24 +0000] "GET /demo/home.faces HTTP/1.1" 200 3401 
0:0:0:0:0:0:0:1 -  -  [01/May/2015:16:23:29 +0000] "GET /demo/logout.faces HTTP/1.1" 302 0 
0:0:0:0:0:0:0:1 -  -  [01/May/2015:16:23:29 +0000] "GET /demo/home.faces HTTP/1.1" 200 3323 
0:0:0:0:0:0:0:1 -  -  [01/May/2015:16:23:29 +0000] "GET /demo/javax.faces.resource/css/main.css.faces HTTP/1.1" 304 0 
0:0:0:0:0:0:0:1 -  -  [01/May/2015:16:23:29 +0000] "GET /demo/javax.faces.resource/primefaces.css.faces?ln=primefaces&v=4.0 HTTP/1.1" 304 0 
0:0:0:0:0:0:0:1 -  -  [01/May/2015:16:23:29 +0000] "GET /demo/javax.faces.resource/layout/layout.css.faces?ln=primefaces&v=4.0 HTTP/1.1" 304 0 
0:0:0:0:0:0:0:1 -  -  [01/May/2015:16:23:29 +0000] "GET /demo/javax.faces.resource/layout/layout.js.faces?ln=primefaces&v=4.0 HTTP/1.1" 304 0 
0:0:0:0:0:0:0:1 -  -  [01/May/2015:16:23:29 +0000] "GET /demo/javax.faces.resource/theme.css.faces?ln=primefaces-bootstrap HTTP/1.1" 304 0 
0:0:0:0:0:0:0:1 -  -  [01/May/2015:16:23:29 +0000] "GET /demo/javax.faces.resource/jquery/jquery-plugins.js.faces?ln=primefaces&v=4.0 HTTP/1.1" 304 0 
0:0:0:0:0:0:0:1 -  -  [01/May/2015:16:23:29 +0000] "GET /demo/javax.faces.resource/js/main.js.faces HTTP/1.1" 304 0 
0:0:0:0:0:0:0:1 -  -  [01/May/2015:16:23:29 +0000] "GET /demo/javax.faces.resource/js/primefaces-locale.js.faces HTTP/1.1" 304 0 
0:0:0:0:0:0:0:1 -  -  [01/May/2015:16:23:29 +0000] "GET /demo/javax.faces.resource/primefaces.js.faces?ln=primefaces&v=4.0 HTTP/1.1" 304 0 
0:0:0:0:0:0:0:1 -  -  [01/May/2015:16:23:29 +0000] "GET /demo/javax.faces.resource/jsf.js.faces?ln=javax.faces&stage=Development HTTP/1.1" 304 0 
0:0:0:0:0:0:0:1 -  -  [01/May/2015:16:23:29 +0000] "GET /demo/javax.faces.resource/jquery/jquery.js.faces?ln=primefaces&v=4.0 HTTP/1.1" 304 0 
0:0:0:0:0:0:0:1 -  -  [01/May/2015:16:23:33 +0000] "GET /demo/login.faces HTTP/1.1" 200 2583 
0:0:0:0:0:0:0:1 -  -  [01/May/2015:16:23:33 +0000] "GET /demo/javax.faces.resource/theme.css.faces?ln=primefaces-bootstrap HTTP/1.1" 304 0 
0:0:0:0:0:0:0:1 -  -  [01/May/2015:16:23:33 +0000] "GET /demo/javax.faces.resource/css/main.css.faces HTTP/1.1" 304 0 
0:0:0:0:0:0:0:1 -  -  [01/May/2015:16:23:33 +0000] "GET /demo/javax.faces.resource/primefaces.css.faces?ln=primefaces&v=4.0 HTTP/1.1" 304 0 
0:0:0:0:0:0:0:1 -  -  [01/May/2015:16:23:33 +0000] "GET /demo/javax.faces.resource/layout/layout.css.faces?ln=primefaces&v=4.0 HTTP/1.1" 304 0 
0:0:0:0:0:0:0:1 -  -  [01/May/2015:16:23:33 +0000] "GET /demo/javax.faces.resource/primefaces.js.faces?ln=primefaces&v=4.0 HTTP/1.1" 304 0 
0:0:0:0:0:0:0:1 -  -  [01/May/2015:16:23:33 +0000] "GET /demo/javax.faces.resource/js/main.js.faces HTTP/1.1" 304 0 
0:0:0:0:0:0:0:1 -  -  [01/May/2015:16:23:33 +0000] "GET /demo/javax.faces.resource/layout/layout.js.faces?ln=primefaces&v=4.0 HTTP/1.1" 304 0 
0:0:0:0:0:0:0:1 -  -  [01/May/2015:16:23:33 +0000] "GET /demo/javax.faces.resource/js/primefaces-locale.js.faces HTTP/1.1" 304 0 
0:0:0:0:0:0:0:1 -  -  [01/May/2015:16:23:33 +0000] "GET /demo/javax.faces.resource/jquery/jquery.js.faces?ln=primefaces&v=4.0 HTTP/1.1" 304 0 
0:0:0:0:0:0:0:1 -  -  [01/May/2015:16:23:33 +0000] "GET /demo/javax.faces.resource/spacer/dot_clear.gif.faces?ln=primefaces&v=4.0 HTTP/1.1" 304 0 
0:0:0:0:0:0:0:1 -  -  [01/May/2015:16:23:33 +0000] "GET /demo/javax.faces.resource/jquery/jquery-plugins.js.faces?ln=primefaces&v=4.0 HTTP/1.1" 304 0 
0:0:0:0:0:0:0:1 -  -  [01/May/2015:16:23:38 +0000] "POST /demo/login.faces HTTP/1.1" 200 531 
0:0:0:0:0:0:0:1 -  -  [01/May/2015:16:23:46 +0000] "POST /demo/login.faces HTTP/1.1" 200 120 
0:0:0:0:0:0:0:1 -  -  [01/May/2015:16:23:46 +0000] "GET /demo/home.faces HTTP/1.1" 200 3378 
0:0:0:0:0:0:0:1 -  -  [01/May/2015:16:23:47 +0000] "GET /demo/javax.faces.resource/jquery/jquery.js.faces?ln=primefaces&v=4.0 HTTP/1.1" 304 0 
0:0:0:0:0:0:0:1 -  -  [01/May/2015:16:23:47 +0000] "GET /demo/javax.faces.resource/primefaces.css.faces?ln=primefaces&v=4.0 HTTP/1.1" 304 0 
0:0:0:0:0:0:0:1 -  -  [01/May/2015:16:23:47 +0000] "GET /demo/javax.faces.resource/theme.css.faces?ln=primefaces-bootstrap HTTP/1.1" 304 0 
0:0:0:0:0:0:0:1 -  -  [01/May/2015:16:23:47 +0000] "GET /demo/javax.faces.resource/layout/layout.css.faces?ln=primefaces&v=4.0 HTTP/1.1" 304 0 
0:0:0:0:0:0:0:1 -  -  [01/May/2015:16:23:47 +0000] "GET /demo/javax.faces.resource/css/main.css.faces HTTP/1.1" 304 0 
0:0:0:0:0:0:0:1 -  -  [01/May/2015:16:23:47 +0000] "GET /demo/javax.faces.resource/jquery/jquery-plugins.js.faces?ln=primefaces&v=4.0 HTTP/1.1" 304 0 
0:0:0:0:0:0:0:1 -  -  [01/May/2015:16:23:47 +0000] "GET /demo/javax.faces.resource/js/main.js.faces HTTP/1.1" 304 0 
0:0:0:0:0:0:0:1 -  -  [01/May/2015:16:23:47 +0000] "GET /demo/javax.faces.resource/jsf.js.faces?ln=javax.faces&stage=Development HTTP/1.1" 304 0 
0:0:0:0:0:0:0:1 -  -  [01/May/2015:16:23:47 +0000] "GET /demo/javax.faces.resource/js/primefaces-locale.js.faces HTTP/1.1" 304 0 
0:0:0:0:0:0:0:1 -  -  [01/May/2015:16:23:47 +0000] "GET /demo/javax.faces.resource/primefaces.js.faces?ln=primefaces&v=4.0 HTTP/1.1" 304 0 
0:0:0:0:0:0:0:1 -  -  [01/May/2015:16:23:47 +0000] "GET /demo/javax.faces.resource/layout/layout.js.faces?ln=primefaces&v=4.0 HTTP/1.1" 304 0 
0:0:0:0:0:0:0:1 -  -  [01/May/2015:16:23:50 +0000] "POST /demo/home.faces HTTP/1.1" 302 0 
0:0:0:0:0:0:0:1 -  -  [01/May/2015:16:23:50 +0000] "GET /demo/domain/accountSelect.faces?_cid=1c1 HTTP/1.1" 200 6556 
0:0:0:0:0:0:0:1 -  -  [01/May/2015:16:23:52 +0000] "GET /demo/javax.faces.resource/theme.css.faces?ln=primefaces-bootstrap HTTP/1.1" 304 0 
0:0:0:0:0:0:0:1 -  -  [01/May/2015:16:23:52 +0000] "GET /demo/javax.faces.resource/primefaces.css.faces?ln=primefaces&v=4.0 HTTP/1.1" 304 0 
0:0:0:0:0:0:0:1 -  -  [01/May/2015:16:23:52 +0000] "GET /demo/javax.faces.resource/primefaces.js.faces?ln=primefaces&v=4.0 HTTP/1.1" 304 0 
0:0:0:0:0:0:0:1 -  -  [01/May/2015:16:23:52 +0000] "GET /demo/javax.faces.resource/css/main.css.faces HTTP/1.1" 304 0 
0:0:0:0:0:0:0:1 -  -  [01/May/2015:16:23:52 +0000] "GET /demo/javax.faces.resource/layout/layout.js.faces?ln=primefaces&v=4.0 HTTP/1.1" 304 0 
0:0:0:0:0:0:0:1 -  -  [01/May/2015:16:23:52 +0000] "GET /demo/javax.faces.resource/js/main.js.faces HTTP/1.1" 304 0 
0:0:0:0:0:0:0:1 -  -  [01/May/2015:16:23:52 +0000] "GET /demo/javax.faces.resource/js/primefaces-locale.js.faces HTTP/1.1" 304 0 
0:0:0:0:0:0:0:1 -  -  [01/May/2015:16:23:52 +0000] "GET /demo/javax.faces.resource/jquery/jquery-plugins.js.faces?ln=primefaces&v=4.0 HTTP/1.1" 304 0 
0:0:0:0:0:0:0:1 -  -  [01/May/2015:16:23:52 +0000] "GET /demo/javax.faces.resource/layout/layout.css.faces?ln=primefaces&v=4.0 HTTP/1.1" 304 0 
0:0:0:0:0:0:0:1 -  -  [01/May/2015:16:23:52 +0000] "GET /demo/javax.faces.resource/jquery/jquery.js.faces?ln=primefaces&v=4.0 HTTP/1.1" 304 0 
0:0:0:0:0:0:0:1 -  -  [01/May/2015:16:23:52 +0000] "GET /demo/javax.faces.resource/icons/ajaxloading.gif.faces HTTP/1.1" 200 634 
0:0:0:0:0:0:0:1 -  -  [01/May/2015:16:23:52 +0000] "GET /demo/javax.faces.resource/icons/tick.png.faces HTTP/1.1" 200 537 
0:0:0:0:0:0:0:1 -  -  [01/May/2015:16:23:52 +0000] "GET /demo/javax.faces.resource/icons/cross.png.faces HTTP/1.1" 200 655 
0:0:0:0:0:0:0:1 -  -  [01/May/2015:16:23:52 +0000] "GET /demo/javax.faces.resource/icons/excel.png.faces HTTP/1.1" 200 601 
0:0:0:0:0:0:0:1 -  -  [01/May/2015:16:23:52 +0000] "GET /demo/javax.faces.resource/icons/find.png.faces HTTP/1.1" 200 659 
0:0:0:0:0:0:0:1 -  -  [01/May/2015:16:23:52 +0000] "GET /demo/javax.faces.resource/icons/eye.png.faces HTTP/1.1" 200 750 
0:0:0:0:0:0:0:1 -  -  [01/May/2015:16:23:52 +0000] "GET /demo/javax.faces.resource/icons/pencil.png.faces HTTP/1.1" 200 450 
0:0:0:0:0:0:0:1 -  -  [01/May/2015:16:24:25 +0000] "POST /demo/domain/accountSelect.faces HTTP/1.1" 200 695 
0:0:0:0:0:0:0:1 -  -  [01/May/2015:16:24:26 +0000] "POST /demo/domain/accountSelect.faces HTTP/1.1" 200 685 
0:0:0:0:0:0:0:1 -  -  [01/May/2015:16:24:28 +0000] "POST /demo/domain/accountSelect.faces HTTP/1.1" 200 685 
0:0:0:0:0:0:0:1 -  -  [01/May/2015:16:24:47 +0000] "POST /demo/domain/accountSelect.faces HTTP/1.1" 200 2357 
0:0:0:0:0:0:0:1 -  -  [01/May/2015:16:24:49 +0000] "POST /demo/domain/accountSelect.faces HTTP/1.1" 200 2357 
0:0:0:0:0:0:0:1 -  -  [01/May/2015:16:24:56 +0000] "POST /demo/domain/accountSelect.faces HTTP/1.1" 200 695 
0:0:0:0:0:0:0:1 -  -  [01/May/2015:16:24:56 +0000] "POST /demo/domain/accountSelect.faces HTTP/1.1" 200 685 
0:0:0:0:0:0:0:1 -  -  [01/May/2015:16:25:00 +0000] "POST /demo/domain/accountSelect.faces HTTP/1.1" 200 1350 
0:0:0:0:0:0:0:1 -  -  [01/May/2015:16:25:12 +0000] "POST /demo/domain/accountSelect.faces HTTP/1.1" 200 485 
0:0:0:0:0:0:0:1 -  -  [01/May/2015:16:25:14 +0000] "POST /demo/domain/accountSelect.faces HTTP/1.1" 200 2400 
0:0:0:0:0:0:0:1 -  -  [01/May/2015:16:26:43 +0000] "POST /demo/domain/accountSelect.faces HTTP/1.1" 200 142 
0:0:0:0:0:0:0:1 -  -  [01/May/2015:16:26:43 +0000] "GET /demo/domain/bookSelect.faces?_cid=2c1 HTTP/1.1" 200 5683 
0:0:0:0:0:0:0:1 -  -  [01/May/2015:16:26:44 +0000] "GET /demo/javax.faces.resource/css/main.css.faces HTTP/1.1" 304 0 
0:0:0:0:0:0:0:1 -  -  [01/May/2015:16:26:44 +0000] "GET /demo/javax.faces.resource/primefaces.js.faces?ln=primefaces&v=4.0 HTTP/1.1" 304 0 
0:0:0:0:0:0:0:1 -  -  [01/May/2015:16:26:44 +0000] "GET /demo/javax.faces.resource/primefaces.css.faces?ln=primefaces&v=4.0 HTTP/1.1" 304 0 
0:0:0:0:0:0:0:1 -  -  [01/May/2015:16:26:44 +0000] "GET /demo/javax.faces.resource/theme.css.faces?ln=primefaces-bootstrap HTTP/1.1" 304 0 
0:0:0:0:0:0:0:1 -  -  [01/May/2015:16:26:44 +0000] "GET /demo/javax.faces.resource/layout/layout.css.faces?ln=primefaces&v=4.0 HTTP/1.1" 304 0 
0:0:0:0:0:0:0:1 -  -  [01/May/2015:16:26:44 +0000] "GET /demo/javax.faces.resource/jquery/jquery-plugins.js.faces?ln=primefaces&v=4.0 HTTP/1.1" 304 0 
0:0:0:0:0:0:0:1 -  -  [01/May/2015:16:26:44 +0000] "GET /demo/javax.faces.resource/js/main.js.faces HTTP/1.1" 304 0 
0:0:0:0:0:0:0:1 -  -  [01/May/2015:16:26:44 +0000] "GET /demo/javax.faces.resource/jquery/jquery.js.faces?ln=primefaces&v=4.0 HTTP/1.1" 304 0 
0:0:0:0:0:0:0:1 -  -  [01/May/2015:16:26:44 +0000] "GET /demo/javax.faces.resource/js/primefaces-locale.js.faces HTTP/1.1" 304 0 
0:0:0:0:0:0:0:1 -  -  [01/May/2015:16:26:44 +0000] "GET /demo/javax.faces.resource/icons/ajaxloading.gif.faces HTTP/1.1" 304 0 
0:0:0:0:0:0:0:1 -  -  [01/May/2015:16:26:44 +0000] "GET /demo/javax.faces.resource/layout/layout.js.faces?ln=primefaces&v=4.0 HTTP/1.1" 304 0 
0:0:0:0:0:0:0:1 -  -  [01/May/2015:16:26:52 +0000] "POST /demo/domain/bookSelect.faces HTTP/1.1" 200 140 
0:0:0:0:0:0:0:1 -  -  [01/May/2015:16:26:52 +0000] "GET /demo/domain/bookEdit.faces?_cid=2c2 HTTP/1.1" 200 4047 
0:0:0:0:0:0:0:1 -  -  [01/May/2015:16:26:54 +0000] "GET /demo/javax.faces.resource/css/main.css.faces HTTP/1.1" 304 0 
0:0:0:0:0:0:0:1 -  -  [01/May/2015:16:26:54 +0000] "GET /demo/javax.faces.resource/jquery/jquery-plugins.js.faces?ln=primefaces&v=4.0 HTTP/1.1" 304 0 
0:0:0:0:0:0:0:1 -  -  [01/May/2015:16:26:54 +0000] "GET /demo/javax.faces.resource/theme.css.faces?ln=primefaces-bootstrap HTTP/1.1" 304 0 
0:0:0:0:0:0:0:1 -  -  [01/May/2015:16:26:54 +0000] "GET /demo/javax.faces.resource/jquery/jquery.js.faces?ln=primefaces&v=4.0 HTTP/1.1" 304 0 
0:0:0:0:0:0:0:1 -  -  [01/May/2015:16:26:54 +0000] "GET /demo/javax.faces.resource/js/main.js.faces HTTP/1.1" 304 0 
0:0:0:0:0:0:0:1 -  -  [01/May/2015:16:26:54 +0000] "GET /demo/javax.faces.resource/js/primefaces-locale.js.faces HTTP/1.1" 304 0 
0:0:0:0:0:0:0:1 -  -  [01/May/2015:16:26:54 +0000] "GET /demo/javax.faces.resource/layout/layout.js.faces?ln=primefaces&v=4.0 HTTP/1.1" 304 0 
0:0:0:0:0:0:0:1 -  -  [01/May/2015:16:26:54 +0000] "GET /demo/javax.faces.resource/primefaces.css.faces?ln=primefaces&v=4.0 HTTP/1.1" 304 0 
0:0:0:0:0:0:0:1 -  -  [01/May/2015:16:26:54 +0000] "GET /demo/javax.faces.resource/primefaces.js.faces?ln=primefaces&v=4.0 HTTP/1.1" 304 0 
0:0:0:0:0:0:0:1 -  -  [01/May/2015:16:26:54 +0000] "GET /demo/javax.faces.resource/layout/layout.css.faces?ln=primefaces&v=4.0 HTTP/1.1" 304 0 
0:0:0:0:0:0:0:1 -  -  [01/May/2015:16:26:54 +0000] "GET /demo/javax.faces.resource/icons/add.png.faces HTTP/1.1" 200 733 
0:0:0:0:0:0:0:1 -  -  [01/May/2015:16:27:00 +0000] "POST /demo/domain/bookEdit.faces HTTP/1.1" 200 469 
0:0:0:0:0:0:0:1 -  -  [01/May/2015:16:27:00 +0000] "POST /demo/domain/bookEdit.faces HTTP/1.1" 200 191 
0:0:0:0:0:0:0:1 -  -  [01/May/2015:16:27:03 +0000] "POST /demo/domain/bookEdit.faces HTTP/1.1" 302 0 
0:0:0:0:0:0:0:1 -  -  [01/May/2015:16:27:03 +0000] "GET /demo/domain/bookSelect.faces?_cid=2c1 HTTP/1.1" 200 5717 
0:0:0:0:0:0:0:1 -  -  [01/May/2015:16:27:03 +0000] "GET /demo/javax.faces.resource/theme.css.faces?ln=primefaces-bootstrap HTTP/1.1" 304 0 
0:0:0:0:0:0:0:1 -  -  [01/May/2015:16:27:03 +0000] "GET /demo/javax.faces.resource/css/main.css.faces HTTP/1.1" 304 0 
0:0:0:0:0:0:0:1 -  -  [01/May/2015:16:27:03 +0000] "GET /demo/javax.faces.resource/layout/layout.js.faces?ln=primefaces&v=4.0 HTTP/1.1" 304 0 
0:0:0:0:0:0:0:1 -  -  [01/May/2015:16:27:03 +0000] "GET /demo/javax.faces.resource/jquery/jquery.js.faces?ln=primefaces&v=4.0 HTTP/1.1" 304 0 
0:0:0:0:0:0:0:1 -  -  [01/May/2015:16:27:03 +0000] "GET /demo/javax.faces.resource/primefaces.js.faces?ln=primefaces&v=4.0 HTTP/1.1" 304 0 
0:0:0:0:0:0:0:1 -  -  [01/May/2015:16:27:03 +0000] "GET /demo/javax.faces.resource/js/primefaces-locale.js.faces HTTP/1.1" 304 0 
0:0:0:0:0:0:0:1 -  -  [01/May/2015:16:27:03 +0000] "GET /demo/javax.faces.resource/layout/layout.css.faces?ln=primefaces&v=4.0 HTTP/1.1" 304 0 
0:0:0:0:0:0:0:1 -  -  [01/May/2015:16:27:03 +0000] "GET /demo/javax.faces.resource/primefaces.css.faces?ln=primefaces&v=4.0 HTTP/1.1" 304 0 
0:0:0:0:0:0:0:1 -  -  [01/May/2015:16:27:03 +0000] "GET /demo/javax.faces.resource/js/main.js.faces HTTP/1.1" 304 0 
0:0:0:0:0:0:0:1 -  -  [01/May/2015:16:27:03 +0000] "GET /demo/javax.faces.resource/icons/ajaxloading.gif.faces HTTP/1.1" 304 0 
0:0:0:0:0:0:0:1 -  -  [01/May/2015:16:27:03 +0000] "GET /demo/javax.faces.resource/jquery/jquery-plugins.js.faces?ln=primefaces&v=4.0 HTTP/1.1" 304 0 
0:0:0:0:0:0:0:1 -  -  [01/May/2015:16:27:53 +0000] "POST /demo/domain/bookSelect.faces HTTP/1.1" 200 144 
0:0:0:0:0:0:0:1 -  -  [01/May/2015:16:27:53 +0000] "GET /demo/domain/dbuserSelect.faces?_cid=3c1 HTTP/1.1" 200 4664 
0:0:0:0:0:0:0:1 -  -  [01/May/2015:16:27:54 +0000] "GET /demo/javax.faces.resource/css/main.css.faces HTTP/1.1" 304 0 
0:0:0:0:0:0:0:1 -  -  [01/May/2015:16:27:54 +0000] "GET /demo/javax.faces.resource/theme.css.faces?ln=primefaces-bootstrap HTTP/1.1" 304 0 
0:0:0:0:0:0:0:1 -  -  [01/May/2015:16:27:54 +0000] "GET /demo/javax.faces.resource/primefaces.css.faces?ln=primefaces&v=4.0 HTTP/1.1" 304 0 
0:0:0:0:0:0:0:1 -  -  [01/May/2015:16:27:54 +0000] "GET /demo/javax.faces.resource/primefaces.js.faces?ln=primefaces&v=4.0 HTTP/1.1" 304 0 
0:0:0:0:0:0:0:1 -  -  [01/May/2015:16:27:54 +0000] "GET /demo/javax.faces.resource/js/primefaces-locale.js.faces HTTP/1.1" 304 0 
0:0:0:0:0:0:0:1 -  -  [01/May/2015:16:27:54 +0000] "GET /demo/javax.faces.resource/layout/layout.css.faces?ln=primefaces&v=4.0 HTTP/1.1" 304 0 
0:0:0:0:0:0:0:1 -  -  [01/May/2015:16:27:54 +0000] "GET /demo/javax.faces.resource/layout/layout.js.faces?ln=primefaces&v=4.0 HTTP/1.1" 304 0 
0:0:0:0:0:0:0:1 -  -  [01/May/2015:16:27:54 +0000] "GET /demo/javax.faces.resource/icons/ajaxloading.gif.faces HTTP/1.1" 304 0 
0:0:0:0:0:0:0:1 -  -  [01/May/2015:16:27:54 +0000] "GET /demo/javax.faces.resource/js/main.js.faces HTTP/1.1" 304 0 
0:0:0:0:0:0:0:1 -  -  [01/May/2015:16:27:54 +0000] "GET /demo/javax.faces.resource/jquery/jquery.js.faces?ln=primefaces&v=4.0 HTTP/1.1" 304 0 
0:0:0:0:0:0:0:1 -  -  [01/May/2015:16:27:54 +0000] "GET /demo/javax.faces.resource/jquery/jquery-plugins.js.faces?ln=primefaces&v=4.0 HTTP/1.1" 304 0 
0:0:0:0:0:0:0:1 -  -  [01/May/2015:16:28:20 +0000] "POST /demo/domain/dbuserSelect.faces HTTP/1.1" 200 2159 
0:0:0:0:0:0:0:1 -  -  [01/May/2015:16:28:30 +0000] "POST /demo/domain/dbuserSelect.faces HTTP/1.1" 302 0 
0:0:0:0:0:0:0:1 -  -  [01/May/2015:16:28:30 +0000] "GET /demo/domain/dbuserEdit.faces?_cid=3c2 HTTP/1.1" 200 3699 
0:0:0:0:0:0:0:1 -  -  [01/May/2015:16:28:30 +0000] "GET /demo/javax.faces.resource/css/main.css.faces HTTP/1.1" 304 0 
0:0:0:0:0:0:0:1 -  -  [01/May/2015:16:28:30 +0000] "GET /demo/javax.faces.resource/theme.css.faces?ln=primefaces-bootstrap HTTP/1.1" 304 0 
0:0:0:0:0:0:0:1 -  -  [01/May/2015:16:28:30 +0000] "GET /demo/javax.faces.resource/jquery/jquery.js.faces?ln=primefaces&v=4.0 HTTP/1.1" 304 0 
0:0:0:0:0:0:0:1 -  -  [01/May/2015:16:28:30 +0000] "GET /demo/javax.faces.resource/primefaces.js.faces?ln=primefaces&v=4.0 HTTP/1.1" 304 0 
0:0:0:0:0:0:0:1 -  -  [01/May/2015:16:28:30 +0000] "GET /demo/javax.faces.resource/jquery/jquery-plugins.js.faces?ln=primefaces&v=4.0 HTTP/1.1" 304 0 
0:0:0:0:0:0:0:1 -  -  [01/May/2015:16:28:30 +0000] "GET /demo/javax.faces.resource/js/primefaces-locale.js.faces HTTP/1.1" 304 0 
0:0:0:0:0:0:0:1 -  -  [01/May/2015:16:28:30 +0000] "GET /demo/javax.faces.resource/layout/layout.css.faces?ln=primefaces&v=4.0 HTTP/1.1" 304 0 
0:0:0:0:0:0:0:1 -  -  [01/May/2015:16:28:30 +0000] "GET /demo/javax.faces.resource/js/main.js.faces HTTP/1.1" 304 0 
0:0:0:0:0:0:0:1 -  -  [01/May/2015:16:28:30 +0000] "GET /demo/javax.faces.resource/primefaces.css.faces?ln=primefaces&v=4.0 HTTP/1.1" 304 0 
0:0:0:0:0:0:0:1 -  -  [01/May/2015:16:28:30 +0000] "GET /demo/javax.faces.resource/layout/layout.js.faces?ln=primefaces&v=4.0 HTTP/1.1" 304 0 
0:0:0:0:0:0:0:1 -  -  [01/May/2015:16:28:35 +0000] "POST /demo/domain/dbuserEdit.faces HTTP/1.1" 200 144 
0:0:0:0:0:0:0:1 -  -  [01/May/2015:16:28:36 +0000] "GET /demo/domain/dbuserSelect.faces?_cid=3c1 HTTP/1.1" 200 4931 
0:0:0:0:0:0:0:1 -  -  [01/May/2015:16:28:36 +0000] "GET /demo/javax.faces.resource/theme.css.faces?ln=primefaces-bootstrap HTTP/1.1" 304 0 
0:0:0:0:0:0:0:1 -  -  [01/May/2015:16:28:36 +0000] "GET /demo/javax.faces.resource/css/main.css.faces HTTP/1.1" 304 0 
0:0:0:0:0:0:0:1 -  -  [01/May/2015:16:28:36 +0000] "GET /demo/javax.faces.resource/jquery/jquery.js.faces?ln=primefaces&v=4.0 HTTP/1.1" 304 0 
0:0:0:0:0:0:0:1 -  -  [01/May/2015:16:28:36 +0000] "GET /demo/javax.faces.resource/primefaces.css.faces?ln=primefaces&v=4.0 HTTP/1.1" 304 0 
0:0:0:0:0:0:0:1 -  -  [01/May/2015:16:28:36 +0000] "GET /demo/javax.faces.resource/js/main.js.faces HTTP/1.1" 304 0 
0:0:0:0:0:0:0:1 -  -  [01/May/2015:16:28:36 +0000] "GET /demo/javax.faces.resource/layout/layout.css.faces?ln=primefaces&v=4.0 HTTP/1.1" 304 0 
0:0:0:0:0:0:0:1 -  -  [01/May/2015:16:28:36 +0000] "GET /demo/javax.faces.resource/primefaces.js.faces?ln=primefaces&v=4.0 HTTP/1.1" 304 0 
0:0:0:0:0:0:0:1 -  -  [01/May/2015:16:28:36 +0000] "GET /demo/javax.faces.resource/icons/ajaxloading.gif.faces HTTP/1.1" 304 0 
0:0:0:0:0:0:0:1 -  -  [01/May/2015:16:28:36 +0000] "GET /demo/javax.faces.resource/js/primefaces-locale.js.faces HTTP/1.1" 304 0 
0:0:0:0:0:0:0:1 -  -  [01/May/2015:16:28:36 +0000] "GET /demo/javax.faces.resource/layout/layout.js.faces?ln=primefaces&v=4.0 HTTP/1.1" 304 0 
0:0:0:0:0:0:0:1 -  -  [01/May/2015:16:28:36 +0000] "GET /demo/javax.faces.resource/jquery/jquery-plugins.js.faces?ln=primefaces&v=4.0 HTTP/1.1" 304 0 
0:0:0:0:0:0:0:1 -  -  [01/May/2015:17:01:41 +0000] "GET /demo/ HTTP/1.1" 304 0 
0:0:0:0:0:0:0:1 -  -  [01/May/2015:17:01:41 +0000] "GET /demo/home.faces HTTP/1.1" 200 3324 
0:0:0:0:0:0:0:1 -  -  [01/May/2015:17:01:43 +0000] "GET /demo/javax.faces.resource/css/main.css.faces HTTP/1.1" 304 0 
0:0:0:0:0:0:0:1 -  -  [01/May/2015:17:01:43 +0000] "GET /demo/javax.faces.resource/layout/layout.css.faces?ln=primefaces&v=4.0 HTTP/1.1" 200 238 
0:0:0:0:0:0:0:1 -  -  [01/May/2015:17:01:43 +0000] "GET /demo/javax.faces.resource/jquery/jquery.js.faces?ln=primefaces&v=4.0 HTTP/1.1" 200 105384 
0:0:0:0:0:0:0:1 -  -  [01/May/2015:17:01:44 +0000] "GET /demo/javax.faces.resource/layout/layout.js.faces?ln=primefaces&v=4.0 HTTP/1.1" 200 87560 
0:0:0:0:0:0:0:1 -  -  [01/May/2015:17:01:44 +0000] "GET /demo/javax.faces.resource/js/main.js.faces HTTP/1.1" 304 0 
0:0:0:0:0:0:0:1 -  -  [01/May/2015:17:01:43 +0000] "GET /demo/javax.faces.resource/jquery/jquery-plugins.js.faces?ln=primefaces&v=4.0 HTTP/1.1" 200 220526 
0:0:0:0:0:0:0:1 -  -  [01/May/2015:17:01:44 +0000] "GET /demo/javax.faces.resource/js/primefaces-locale.js.faces HTTP/1.1" 304 0 
0:0:0:0:0:0:0:1 -  -  [01/May/2015:17:01:44 +0000] "GET /demo/javax.faces.resource/jsf.js.faces?ln=javax.faces&stage=Development HTTP/1.1" 200 117623 
0:0:0:0:0:0:0:1 -  -  [01/May/2015:17:01:44 +0000] "GET /demo/javax.faces.resource/primefaces.js.faces?ln=primefaces&v=4.0 HTTP/1.1" 200 276924 
0:0:0:0:0:0:0:1 -  -  [01/May/2015:17:01:43 +0000] "GET /demo/javax.faces.resource/theme.css.faces?ln=primefaces-bootstrap HTTP/1.1" 200 5579 
0:0:0:0:0:0:0:1 -  -  [01/May/2015:17:01:43 +0000] "GET /demo/javax.faces.resource/primefaces.css.faces?ln=primefaces&v=4.0 HTTP/1.1" 200 9955 
0:0:0:0:0:0:0:1 -  -  [01/May/2015:17:01:45 +0000] "GET /demo/javax.faces.resource/icons/environment/development.gif.faces HTTP/1.1" 304 0 
0:0:0:0:0:0:0:1 -  -  [01/May/2015:17:01:45 +0000] "GET /demo/javax.faces.resource/icons/fr.gif.faces HTTP/1.1" 304 0 
0:0:0:0:0:0:0:1 -  -  [01/May/2015:17:01:45 +0000] "GET /demo/javax.faces.resource/icons/login.png.faces HTTP/1.1" 304 0 
0:0:0:0:0:0:0:1 -  -  [01/May/2015:17:01:45 +0000] "GET /demo/javax.faces.resource/icons/home.png.faces HTTP/1.1" 304 0 
0:0:0:0:0:0:0:1 -  -  [01/May/2015:17:01:45 +0000] "GET /demo/javax.faces.resource/img/logo.png.faces HTTP/1.1" 304 0 
0:0:0:0:0:0:0:1 -  -  [01/May/2015:17:01:45 +0000] "GET /demo/javax.faces.resource/images/ui-icons_333333_256x240.png.faces?ln=primefaces-bootstrap HTTP/1.1" 200 4369 
0:0:0:0:0:0:0:1 -  -  [01/May/2015:17:02:15 +0000] "POST /demo/home.faces HTTP/1.1" 302 0 
0:0:0:0:0:0:0:1 -  -  [01/May/2015:17:02:16 +0000] "GET /demo/domain/accountEdit.faces?_cid=1c1 HTTP/1.1" 302 0 
0:0:0:0:0:0:0:1 -  -  [01/May/2015:17:02:16 +0000] "GET /demo/login.faces HTTP/1.1" 200 2655 
0:0:0:0:0:0:0:1 -  -  [01/May/2015:17:02:16 +0000] "GET /demo/javax.faces.resource/css/main.css.faces HTTP/1.1" 304 0 
0:0:0:0:0:0:0:1 -  -  [01/May/2015:17:02:16 +0000] "GET /demo/javax.faces.resource/primefaces.css.faces?ln=primefaces&v=4.0 HTTP/1.1" 304 0 
0:0:0:0:0:0:0:1 -  -  [01/May/2015:17:02:16 +0000] "GET /demo/javax.faces.resource/jquery/jquery-plugins.js.faces?ln=primefaces&v=4.0 HTTP/1.1" 304 0 
0:0:0:0:0:0:0:1 -  -  [01/May/2015:17:02:16 +0000] "GET /demo/javax.faces.resource/jquery/jquery.js.faces?ln=primefaces&v=4.0 HTTP/1.1" 304 0 
0:0:0:0:0:0:0:1 -  -  [01/May/2015:17:02:16 +0000] "GET /demo/javax.faces.resource/js/primefaces-locale.js.faces HTTP/1.1" 304 0 
0:0:0:0:0:0:0:1 -  -  [01/May/2015:17:02:16 +0000] "GET /demo/javax.faces.resource/theme.css.faces?ln=primefaces-bootstrap HTTP/1.1" 304 0 
0:0:0:0:0:0:0:1 -  -  [01/May/2015:17:02:16 +0000] "GET /demo/javax.faces.resource/js/main.js.faces HTTP/1.1" 304 0 
0:0:0:0:0:0:0:1 -  -  [01/May/2015:17:02:16 +0000] "GET /demo/javax.faces.resource/layout/layout.js.faces?ln=primefaces&v=4.0 HTTP/1.1" 304 0 
0:0:0:0:0:0:0:1 -  -  [01/May/2015:17:02:16 +0000] "GET /demo/javax.faces.resource/spacer/dot_clear.gif.faces?ln=primefaces&v=4.0 HTTP/1.1" 200 42 
0:0:0:0:0:0:0:1 -  -  [01/May/2015:17:02:16 +0000] "GET /demo/javax.faces.resource/primefaces.js.faces?ln=primefaces&v=4.0 HTTP/1.1" 304 0 
0:0:0:0:0:0:0:1 -  -  [01/May/2015:17:02:16 +0000] "GET /demo/javax.faces.resource/layout/layout.css.faces?ln=primefaces&v=4.0 HTTP/1.1" 304 0 
0:0:0:0:0:0:0:1 -  -  [01/May/2015:17:02:22 +0000] "POST /demo/login.faces HTTP/1.1" 200 530 
0:0:0:0:0:0:0:1 -  -  [01/May/2015:17:02:23 +0000] "GET /demo/javax.faces.resource/images/ui-icons_333333_256x240.png.faces?ln=primefaces-bootstrap HTTP/1.1" 304 0 
0:0:0:0:0:0:0:1 -  -  [01/May/2015:17:02:23 +0000] "GET /demo/javax.faces.resource/messages/messages.png.faces?ln=primefaces&v=4.0 HTTP/1.1" 200 27209 
0:0:0:0:0:0:0:1 -  -  [01/May/2015:17:02:31 +0000] "POST /demo/login.faces HTTP/1.1" 200 530 
0:0:0:0:0:0:0:1 -  -  [01/May/2015:17:02:43 +0000] "POST /demo/login.faces HTTP/1.1" 200 530 
0:0:0:0:0:0:0:1 -  -  [01/May/2015:17:12:26 +0000] "GET /demo/login.faces HTTP/1.1" 200 2585 
0:0:0:0:0:0:0:1 -  -  [01/May/2015:17:12:29 +0000] "GET /demo/javax.faces.resource/layout/layout.css.faces?ln=primefaces&v=4.0 HTTP/1.1" 304 0 
0:0:0:0:0:0:0:1 -  -  [01/May/2015:17:12:29 +0000] "GET /demo/javax.faces.resource/jquery/jquery-plugins.js.faces?ln=primefaces&v=4.0 HTTP/1.1" 304 0 
0:0:0:0:0:0:0:1 -  -  [01/May/2015:17:12:29 +0000] "GET /demo/javax.faces.resource/theme.css.faces?ln=primefaces-bootstrap HTTP/1.1" 304 0 
0:0:0:0:0:0:0:1 -  -  [01/May/2015:17:12:29 +0000] "GET /demo/javax.faces.resource/css/main.css.faces HTTP/1.1" 304 0 
0:0:0:0:0:0:0:1 -  -  [01/May/2015:17:12:29 +0000] "GET /demo/javax.faces.resource/jquery/jquery.js.faces?ln=primefaces&v=4.0 HTTP/1.1" 304 0 
0:0:0:0:0:0:0:1 -  -  [01/May/2015:17:12:29 +0000] "GET /demo/javax.faces.resource/js/primefaces-locale.js.faces HTTP/1.1" 304 0 
0:0:0:0:0:0:0:1 -  -  [01/May/2015:17:12:29 +0000] "GET /demo/javax.faces.resource/js/main.js.faces HTTP/1.1" 304 0 
0:0:0:0:0:0:0:1 -  -  [01/May/2015:17:12:29 +0000] "GET /demo/javax.faces.resource/layout/layout.js.faces?ln=primefaces&v=4.0 HTTP/1.1" 304 0 
0:0:0:0:0:0:0:1 -  -  [01/May/2015:17:12:29 +0000] "GET /demo/javax.faces.resource/primefaces.css.faces?ln=primefaces&v=4.0 HTTP/1.1" 304 0 
0:0:0:0:0:0:0:1 -  -  [01/May/2015:17:12:29 +0000] "GET /demo/javax.faces.resource/primefaces.js.faces?ln=primefaces&v=4.0 HTTP/1.1" 304 0 
0:0:0:0:0:0:0:1 -  -  [01/May/2015:17:12:29 +0000] "GET /demo/javax.faces.resource/spacer/dot_clear.gif.faces?ln=primefaces&v=4.0 HTTP/1.1" 304 0 
0:0:0:0:0:0:0:1 -  -  [01/May/2015:17:12:31 +0000] "GET /demo/login.faces HTTP/1.1" 200 2583 
0:0:0:0:0:0:0:1 -  -  [01/May/2015:17:12:31 +0000] "GET /demo/javax.faces.resource/css/main.css.faces HTTP/1.1" 304 0 
0:0:0:0:0:0:0:1 -  -  [01/May/2015:17:12:31 +0000] "GET /demo/javax.faces.resource/jquery/jquery-plugins.js.faces?ln=primefaces&v=4.0 HTTP/1.1" 304 0 
0:0:0:0:0:0:0:1 -  -  [01/May/2015:17:12:31 +0000] "GET /demo/javax.faces.resource/primefaces.css.faces?ln=primefaces&v=4.0 HTTP/1.1" 304 0 
0:0:0:0:0:0:0:1 -  -  [01/May/2015:17:12:31 +0000] "GET /demo/javax.faces.resource/theme.css.faces?ln=primefaces-bootstrap HTTP/1.1" 304 0 
0:0:0:0:0:0:0:1 -  -  [01/May/2015:17:12:31 +0000] "GET /demo/javax.faces.resource/layout/layout.css.faces?ln=primefaces&v=4.0 HTTP/1.1" 304 0 
0:0:0:0:0:0:0:1 -  -  [01/May/2015:17:12:31 +0000] "GET /demo/javax.faces.resource/js/main.js.faces HTTP/1.1" 304 0 
0:0:0:0:0:0:0:1 -  -  [01/May/2015:17:12:31 +0000] "GET /demo/javax.faces.resource/jquery/jquery.js.faces?ln=primefaces&v=4.0 HTTP/1.1" 304 0 
0:0:0:0:0:0:0:1 -  -  [01/May/2015:17:12:31 +0000] "GET /demo/javax.faces.resource/js/primefaces-locale.js.faces HTTP/1.1" 304 0 
0:0:0:0:0:0:0:1 -  -  [01/May/2015:17:12:31 +0000] "GET /demo/javax.faces.resource/primefaces.js.faces?ln=primefaces&v=4.0 HTTP/1.1" 304 0 
0:0:0:0:0:0:0:1 -  -  [01/May/2015:17:12:31 +0000] "GET /demo/javax.faces.resource/layout/layout.js.faces?ln=primefaces&v=4.0 HTTP/1.1" 304 0 
0:0:0:0:0:0:0:1 -  -  [01/May/2015:17:12:31 +0000] "GET /demo/javax.faces.resource/spacer/dot_clear.gif.faces?ln=primefaces&v=4.0 HTTP/1.1" 304 0 
0:0:0:0:0:0:0:1 -  -  [01/May/2015:17:12:38 +0000] "POST /demo/login.faces HTTP/1.1" 200 530 
0:0:0:0:0:0:0:1 -  -  [01/May/2015:17:23:13 +0000] "GET /demo/login.faces HTTP/1.1" 200 2585 
0:0:0:0:0:0:0:1 -  -  [01/May/2015:17:23:16 +0000] "GET /demo/javax.faces.resource/jquery/jquery-plugins.js.faces?ln=primefaces&v=4.0 HTTP/1.1" 304 0 
0:0:0:0:0:0:0:1 -  -  [01/May/2015:17:23:16 +0000] "GET /demo/javax.faces.resource/jquery/jquery.js.faces?ln=primefaces&v=4.0 HTTP/1.1" 304 0 
0:0:0:0:0:0:0:1 -  -  [01/May/2015:17:23:16 +0000] "GET /demo/javax.faces.resource/css/main.css.faces HTTP/1.1" 304 0 
0:0:0:0:0:0:0:1 -  -  [01/May/2015:17:23:16 +0000] "GET /demo/javax.faces.resource/theme.css.faces?ln=primefaces-bootstrap HTTP/1.1" 304 0 
0:0:0:0:0:0:0:1 -  -  [01/May/2015:17:23:16 +0000] "GET /demo/javax.faces.resource/primefaces.css.faces?ln=primefaces&v=4.0 HTTP/1.1" 304 0 
0:0:0:0:0:0:0:1 -  -  [01/May/2015:17:23:16 +0000] "GET /demo/javax.faces.resource/primefaces.js.faces?ln=primefaces&v=4.0 HTTP/1.1" 304 0 
0:0:0:0:0:0:0:1 -  -  [01/May/2015:17:23:16 +0000] "GET /demo/javax.faces.resource/js/main.js.faces HTTP/1.1" 304 0 
0:0:0:0:0:0:0:1 -  -  [01/May/2015:17:23:16 +0000] "GET /demo/javax.faces.resource/layout/layout.css.faces?ln=primefaces&v=4.0 HTTP/1.1" 304 0 
0:0:0:0:0:0:0:1 -  -  [01/May/2015:17:23:16 +0000] "GET /demo/javax.faces.resource/js/primefaces-locale.js.faces HTTP/1.1" 304 0 
0:0:0:0:0:0:0:1 -  -  [01/May/2015:17:23:16 +0000] "GET /demo/javax.faces.resource/spacer/dot_clear.gif.faces?ln=primefaces&v=4.0 HTTP/1.1" 304 0 
0:0:0:0:0:0:0:1 -  -  [01/May/2015:17:23:16 +0000] "GET /demo/javax.faces.resource/layout/layout.js.faces?ln=primefaces&v=4.0 HTTP/1.1" 304 0 
0:0:0:0:0:0:0:1 -  -  [01/May/2015:17:23:21 +0000] "POST /demo/login.faces HTTP/1.1" 200 530 
0:0:0:0:0:0:0:1 -  -  [01/May/2015:17:27:22 +0000] "POST /demo/login.faces HTTP/1.1" 200 128 
0:0:0:0:0:0:0:1 -  -  [01/May/2015:17:27:23 +0000] "GET /demo/login.faces?session_expired=1 HTTP/1.1" 200 2863 
0:0:0:0:0:0:0:1 -  -  [01/May/2015:17:27:25 +0000] "GET /demo/javax.faces.resource/theme.css.faces?ln=primefaces-bootstrap HTTP/1.1" 304 0 
0:0:0:0:0:0:0:1 -  -  [01/May/2015:17:27:25 +0000] "GET /demo/javax.faces.resource/css/main.css.faces HTTP/1.1" 304 0 
0:0:0:0:0:0:0:1 -  -  [01/May/2015:17:27:25 +0000] "GET /demo/javax.faces.resource/jquery/jquery.js.faces?ln=primefaces&v=4.0 HTTP/1.1" 304 0 
0:0:0:0:0:0:0:1 -  -  [01/May/2015:17:27:25 +0000] "GET /demo/javax.faces.resource/jquery/jquery-plugins.js.faces?ln=primefaces&v=4.0 HTTP/1.1" 304 0 
0:0:0:0:0:0:0:1 -  -  [01/May/2015:17:27:25 +0000] "GET /demo/javax.faces.resource/js/main.js.faces HTTP/1.1" 304 0 
0:0:0:0:0:0:0:1 -  -  [01/May/2015:17:27:25 +0000] "GET /demo/javax.faces.resource/js/primefaces-locale.js.faces HTTP/1.1" 304 0 
0:0:0:0:0:0:0:1 -  -  [01/May/2015:17:27:25 +0000] "GET /demo/javax.faces.resource/spacer/dot_clear.gif.faces?ln=primefaces&v=4.0 HTTP/1.1" 304 0 
0:0:0:0:0:0:0:1 -  -  [01/May/2015:17:27:25 +0000] "GET /demo/javax.faces.resource/primefaces.css.faces?ln=primefaces&v=4.0 HTTP/1.1" 304 0 
0:0:0:0:0:0:0:1 -  -  [01/May/2015:17:27:25 +0000] "GET /demo/javax.faces.resource/layout/layout.css.faces?ln=primefaces&v=4.0 HTTP/1.1" 304 0 
0:0:0:0:0:0:0:1 -  -  [01/May/2015:17:27:25 +0000] "GET /demo/javax.faces.resource/primefaces.js.faces?ln=primefaces&v=4.0 HTTP/1.1" 304 0 
0:0:0:0:0:0:0:1 -  -  [01/May/2015:17:27:25 +0000] "GET /demo/javax.faces.resource/layout/layout.js.faces?ln=primefaces&v=4.0 HTTP/1.1" 304 0 
0:0:0:0:0:0:0:1 -  -  [01/May/2015:17:27:36 +0000] "POST /demo/login.faces HTTP/1.1" 200 531 
0:0:0:0:0:0:0:1 -  -  [01/May/2015:17:31:02 +0000] "GET /demo/login.faces?session_expired=1 HTTP/1.1" 200 2862 
0:0:0:0:0:0:0:1 -  -  [01/May/2015:17:31:06 +0000] "GET /demo/javax.faces.resource/theme.css.faces?ln=primefaces-bootstrap HTTP/1.1" 304 0 
0:0:0:0:0:0:0:1 -  -  [01/May/2015:17:31:06 +0000] "GET /demo/javax.faces.resource/layout/layout.css.faces?ln=primefaces&v=4.0 HTTP/1.1" 304 0 
0:0:0:0:0:0:0:1 -  -  [01/May/2015:17:31:06 +0000] "GET /demo/javax.faces.resource/css/main.css.faces HTTP/1.1" 304 0 
0:0:0:0:0:0:0:1 -  -  [01/May/2015:17:31:06 +0000] "GET /demo/javax.faces.resource/jquery/jquery.js.faces?ln=primefaces&v=4.0 HTTP/1.1" 304 0 
0:0:0:0:0:0:0:1 -  -  [01/May/2015:17:31:06 +0000] "GET /demo/javax.faces.resource/js/main.js.faces HTTP/1.1" 304 0 
0:0:0:0:0:0:0:1 -  -  [01/May/2015:17:31:06 +0000] "GET /demo/javax.faces.resource/layout/layout.js.faces?ln=primefaces&v=4.0 HTTP/1.1" 304 0 
0:0:0:0:0:0:0:1 -  -  [01/May/2015:17:31:06 +0000] "GET /demo/javax.faces.resource/jquery/jquery-plugins.js.faces?ln=primefaces&v=4.0 HTTP/1.1" 304 0 
0:0:0:0:0:0:0:1 -  -  [01/May/2015:17:31:06 +0000] "GET /demo/javax.faces.resource/primefaces.css.faces?ln=primefaces&v=4.0 HTTP/1.1" 304 0 
0:0:0:0:0:0:0:1 -  -  [01/May/2015:17:31:06 +0000] "GET /demo/javax.faces.resource/spacer/dot_clear.gif.faces?ln=primefaces&v=4.0 HTTP/1.1" 304 0 
0:0:0:0:0:0:0:1 -  -  [01/May/2015:17:31:06 +0000] "GET /demo/javax.faces.resource/js/primefaces-locale.js.faces HTTP/1.1" 304 0 
0:0:0:0:0:0:0:1 -  -  [01/May/2015:17:31:06 +0000] "GET /demo/javax.faces.resource/primefaces.js.faces?ln=primefaces&v=4.0 HTTP/1.1" 304 0 
0:0:0:0:0:0:0:1 -  -  [01/May/2015:17:31:13 +0000] "POST /demo/login.faces HTTP/1.1" 200 120 
0:0:0:0:0:0:0:1 -  -  [01/May/2015:17:31:15 +0000] "GET /demo/home.faces HTTP/1.1" 200 3399 
0:0:0:0:0:0:0:1 -  -  [01/May/2015:17:31:15 +0000] "GET /demo/javax.faces.resource/primefaces.css.faces?ln=primefaces&v=4.0 HTTP/1.1" 304 0 
0:0:0:0:0:0:0:1 -  -  [01/May/2015:17:31:15 +0000] "GET /demo/javax.faces.resource/jquery/jquery-plugins.js.faces?ln=primefaces&v=4.0 HTTP/1.1" 304 0 
0:0:0:0:0:0:0:1 -  -  [01/May/2015:17:31:15 +0000] "GET /demo/javax.faces.resource/theme.css.faces?ln=primefaces-bootstrap HTTP/1.1" 304 0 
0:0:0:0:0:0:0:1 -  -  [01/May/2015:17:31:15 +0000] "GET /demo/javax.faces.resource/primefaces.js.faces?ln=primefaces&v=4.0 HTTP/1.1" 304 0 
0:0:0:0:0:0:0:1 -  -  [01/May/2015:17:31:15 +0000] "GET /demo/javax.faces.resource/jquery/jquery.js.faces?ln=primefaces&v=4.0 HTTP/1.1" 304 0 
0:0:0:0:0:0:0:1 -  -  [01/May/2015:17:31:15 +0000] "GET /demo/javax.faces.resource/js/primefaces-locale.js.faces HTTP/1.1" 304 0 
0:0:0:0:0:0:0:1 -  -  [01/May/2015:17:31:15 +0000] "GET /demo/javax.faces.resource/layout/layout.css.faces?ln=primefaces&v=4.0 HTTP/1.1" 304 0 
0:0:0:0:0:0:0:1 -  -  [01/May/2015:17:31:15 +0000] "GET /demo/javax.faces.resource/layout/layout.js.faces?ln=primefaces&v=4.0 HTTP/1.1" 304 0 
0:0:0:0:0:0:0:1 -  -  [01/May/2015:17:31:15 +0000] "GET /demo/javax.faces.resource/css/main.css.faces HTTP/1.1" 304 0 
0:0:0:0:0:0:0:1 -  -  [01/May/2015:17:31:15 +0000] "GET /demo/javax.faces.resource/js/main.js.faces HTTP/1.1" 304 0 
0:0:0:0:0:0:0:1 -  -  [01/May/2015:17:31:15 +0000] "GET /demo/javax.faces.resource/jsf.js.faces?ln=javax.faces&stage=Development HTTP/1.1" 304 0 
0:0:0:0:0:0:0:1 -  -  [01/May/2015:17:35:26 +0000] "GET /demo/logout.faces HTTP/1.1" 302 0 
0:0:0:0:0:0:0:1 -  -  [01/May/2015:17:35:26 +0000] "GET /demo/home.faces HTTP/1.1" 200 3325 
0:0:0:0:0:0:0:1 -  -  [01/May/2015:17:35:28 +0000] "GET /demo/javax.faces.resource/jquery/jquery.js.faces?ln=primefaces&v=4.0 HTTP/1.1" 304 0 
0:0:0:0:0:0:0:1 -  -  [01/May/2015:17:35:28 +0000] "GET /demo/javax.faces.resource/primefaces.css.faces?ln=primefaces&v=4.0 HTTP/1.1" 304 0 
0:0:0:0:0:0:0:1 -  -  [01/May/2015:17:35:28 +0000] "GET /demo/javax.faces.resource/css/main.css.faces HTTP/1.1" 304 0 
0:0:0:0:0:0:0:1 -  -  [01/May/2015:17:35:28 +0000] "GET /demo/javax.faces.resource/jquery/jquery-plugins.js.faces?ln=primefaces&v=4.0 HTTP/1.1" 304 0 
0:0:0:0:0:0:0:1 -  -  [01/May/2015:17:35:28 +0000] "GET /demo/javax.faces.resource/layout/layout.css.faces?ln=primefaces&v=4.0 HTTP/1.1" 304 0 
0:0:0:0:0:0:0:1 -  -  [01/May/2015:17:35:29 +0000] "GET /demo/javax.faces.resource/js/main.js.faces HTTP/1.1" 304 0 
0:0:0:0:0:0:0:1 -  -  [01/May/2015:17:35:29 +0000] "GET /demo/javax.faces.resource/layout/layout.js.faces?ln=primefaces&v=4.0 HTTP/1.1" 304 0 
0:0:0:0:0:0:0:1 -  -  [01/May/2015:17:35:28 +0000] "GET /demo/javax.faces.resource/theme.css.faces?ln=primefaces-bootstrap HTTP/1.1" 304 0 
0:0:0:0:0:0:0:1 -  -  [01/May/2015:17:35:29 +0000] "GET /demo/javax.faces.resource/js/primefaces-locale.js.faces HTTP/1.1" 304 0 
0:0:0:0:0:0:0:1 -  -  [01/May/2015:17:35:29 +0000] "GET /demo/javax.faces.resource/jsf.js.faces?ln=javax.faces&stage=Development HTTP/1.1" 304 0 
0:0:0:0:0:0:0:1 -  -  [01/May/2015:17:35:29 +0000] "GET /demo/javax.faces.resource/primefaces.js.faces?ln=primefaces&v=4.0 HTTP/1.1" 304 0 
0:0:0:0:0:0:0:1 -  -  [01/May/2015:17:35:31 +0000] "GET /demo/login.faces HTTP/1.1" 200 2585 
0:0:0:0:0:0:0:1 -  -  [01/May/2015:17:35:32 +0000] "GET /demo/javax.faces.resource/css/main.css.faces HTTP/1.1" 304 0 
0:0:0:0:0:0:0:1 -  -  [01/May/2015:17:35:32 +0000] "GET /demo/javax.faces.resource/primefaces.css.faces?ln=primefaces&v=4.0 HTTP/1.1" 304 0 
0:0:0:0:0:0:0:1 -  -  [01/May/2015:17:35:32 +0000] "GET /demo/javax.faces.resource/jquery/jquery-plugins.js.faces?ln=primefaces&v=4.0 HTTP/1.1" 304 0 
0:0:0:0:0:0:0:1 -  -  [01/May/2015:17:35:32 +0000] "GET /demo/javax.faces.resource/theme.css.faces?ln=primefaces-bootstrap HTTP/1.1" 304 0 
0:0:0:0:0:0:0:1 -  -  [01/May/2015:17:35:32 +0000] "GET /demo/javax.faces.resource/js/main.js.faces HTTP/1.1" 304 0 
0:0:0:0:0:0:0:1 -  -  [01/May/2015:17:35:32 +0000] "GET /demo/javax.faces.resource/js/primefaces-locale.js.faces HTTP/1.1" 304 0 
0:0:0:0:0:0:0:1 -  -  [01/May/2015:17:35:32 +0000] "GET /demo/javax.faces.resource/jquery/jquery.js.faces?ln=primefaces&v=4.0 HTTP/1.1" 304 0 
0:0:0:0:0:0:0:1 -  -  [01/May/2015:17:35:32 +0000] "GET /demo/javax.faces.resource/layout/layout.js.faces?ln=primefaces&v=4.0 HTTP/1.1" 304 0 
0:0:0:0:0:0:0:1 -  -  [01/May/2015:17:35:32 +0000] "GET /demo/javax.faces.resource/layout/layout.css.faces?ln=primefaces&v=4.0 HTTP/1.1" 304 0 
0:0:0:0:0:0:0:1 -  -  [01/May/2015:17:35:32 +0000] "GET /demo/javax.faces.resource/primefaces.js.faces?ln=primefaces&v=4.0 HTTP/1.1" 304 0 
0:0:0:0:0:0:0:1 -  -  [01/May/2015:17:35:32 +0000] "GET /demo/javax.faces.resource/spacer/dot_clear.gif.faces?ln=primefaces&v=4.0 HTTP/1.1" 304 0 
0:0:0:0:0:0:0:1 -  -  [01/May/2015:17:35:36 +0000] "POST /demo/login.faces HTTP/1.1" 200 120 
0:0:0:0:0:0:0:1 -  -  [01/May/2015:17:35:37 +0000] "GET /demo/home.faces HTTP/1.1" 200 3379 
0:0:0:0:0:0:0:1 -  -  [01/May/2015:17:35:37 +0000] "GET /demo/javax.faces.resource/theme.css.faces?ln=primefaces-bootstrap HTTP/1.1" 304 0 
0:0:0:0:0:0:0:1 -  -  [01/May/2015:17:35:37 +0000] "GET /demo/javax.faces.resource/css/main.css.faces HTTP/1.1" 304 0 
0:0:0:0:0:0:0:1 -  -  [01/May/2015:17:35:37 +0000] "GET /demo/javax.faces.resource/primefaces.css.faces?ln=primefaces&v=4.0 HTTP/1.1" 304 0 
0:0:0:0:0:0:0:1 -  -  [01/May/2015:17:35:37 +0000] "GET /demo/javax.faces.resource/primefaces.js.faces?ln=primefaces&v=4.0 HTTP/1.1" 304 0 
0:0:0:0:0:0:0:1 -  -  [01/May/2015:17:35:37 +0000] "GET /demo/javax.faces.resource/jquery/jquery-plugins.js.faces?ln=primefaces&v=4.0 HTTP/1.1" 304 0 
0:0:0:0:0:0:0:1 -  -  [01/May/2015:17:35:37 +0000] "GET /demo/javax.faces.resource/jquery/jquery.js.faces?ln=primefaces&v=4.0 HTTP/1.1" 304 0 
0:0:0:0:0:0:0:1 -  -  [01/May/2015:17:35:37 +0000] "GET /demo/javax.faces.resource/layout/layout.css.faces?ln=primefaces&v=4.0 HTTP/1.1" 304 0 
0:0:0:0:0:0:0:1 -  -  [01/May/2015:17:35:37 +0000] "GET /demo/javax.faces.resource/js/main.js.faces HTTP/1.1" 304 0 
0:0:0:0:0:0:0:1 -  -  [01/May/2015:17:35:37 +0000] "GET /demo/javax.faces.resource/jsf.js.faces?ln=javax.faces&stage=Development HTTP/1.1" 304 0 
0:0:0:0:0:0:0:1 -  -  [01/May/2015:17:35:37 +0000] "GET /demo/javax.faces.resource/layout/layout.js.faces?ln=primefaces&v=4.0 HTTP/1.1" 304 0 
0:0:0:0:0:0:0:1 -  -  [01/May/2015:17:35:37 +0000] "GET /demo/javax.faces.resource/js/primefaces-locale.js.faces HTTP/1.1" 304 0 
