0:0:0:0:0:0:0:1 -  -  [03/May/2015:10:12:18 +0000] "GET /demo/ HTTP/1.1" 304 0 
0:0:0:0:0:0:0:1 -  -  [03/May/2015:10:12:18 +0000] "GET /demo/home.faces HTTP/1.1" 200 3326 
0:0:0:0:0:0:0:1 -  -  [03/May/2015:10:12:21 +0000] "GET /demo/javax.faces.resource/jquery/jquery-plugins.js.faces?ln=primefaces&v=4.0 HTTP/1.1" 304 0 
0:0:0:0:0:0:0:1 -  -  [03/May/2015:10:12:21 +0000] "GET /demo/javax.faces.resource/primefaces.css.faces?ln=primefaces&v=4.0 HTTP/1.1" 304 0 
0:0:0:0:0:0:0:1 -  -  [03/May/2015:10:12:21 +0000] "GET /demo/javax.faces.resource/jquery/jquery.js.faces?ln=primefaces&v=4.0 HTTP/1.1" 304 0 
0:0:0:0:0:0:0:1 -  -  [03/May/2015:10:12:21 +0000] "GET /demo/javax.faces.resource/theme.css.faces?ln=primefaces-bootstrap HTTP/1.1" 304 0 
0:0:0:0:0:0:0:1 -  -  [03/May/2015:10:12:21 +0000] "GET /demo/javax.faces.resource/js/main.js.faces HTTP/1.1" 304 0 
0:0:0:0:0:0:0:1 -  -  [03/May/2015:10:12:21 +0000] "GET /demo/javax.faces.resource/css/main.css.faces HTTP/1.1" 304 0 
0:0:0:0:0:0:0:1 -  -  [03/May/2015:10:12:21 +0000] "GET /demo/javax.faces.resource/layout/layout.css.faces?ln=primefaces&v=4.0 HTTP/1.1" 304 0 
0:0:0:0:0:0:0:1 -  -  [03/May/2015:10:12:21 +0000] "GET /demo/javax.faces.resource/primefaces.js.faces?ln=primefaces&v=4.0 HTTP/1.1" 304 0 
0:0:0:0:0:0:0:1 -  -  [03/May/2015:10:12:21 +0000] "GET /demo/javax.faces.resource/js/primefaces-locale.js.faces HTTP/1.1" 304 0 
0:0:0:0:0:0:0:1 -  -  [03/May/2015:10:12:21 +0000] "GET /demo/javax.faces.resource/layout/layout.js.faces?ln=primefaces&v=4.0 HTTP/1.1" 304 0 
0:0:0:0:0:0:0:1 -  -  [03/May/2015:10:12:21 +0000] "GET /demo/javax.faces.resource/jsf.js.faces?ln=javax.faces&stage=Development HTTP/1.1" 304 0 
0:0:0:0:0:0:0:1 -  -  [03/May/2015:10:12:21 +0000] "GET /demo/javax.faces.resource/icons/fr.gif.faces HTTP/1.1" 304 0 
0:0:0:0:0:0:0:1 -  -  [03/May/2015:10:12:21 +0000] "GET /demo/javax.faces.resource/img/logo.png.faces HTTP/1.1" 304 0 
0:0:0:0:0:0:0:1 -  -  [03/May/2015:10:12:21 +0000] "GET /demo/javax.faces.resource/icons/login.png.faces HTTP/1.1" 304 0 
0:0:0:0:0:0:0:1 -  -  [03/May/2015:10:12:21 +0000] "GET /demo/javax.faces.resource/icons/environment/development.gif.faces HTTP/1.1" 304 0 
0:0:0:0:0:0:0:1 -  -  [03/May/2015:10:12:21 +0000] "GET /demo/javax.faces.resource/images/ui-icons_333333_256x240.png.faces?ln=primefaces-bootstrap HTTP/1.1" 304 0 
0:0:0:0:0:0:0:1 -  -  [03/May/2015:10:12:21 +0000] "GET /demo/javax.faces.resource/icons/home.png.faces HTTP/1.1" 304 0 
0:0:0:0:0:0:0:1 -  -  [03/May/2015:10:12:26 +0000] "GET /demo/login.faces HTTP/1.1" 200 2583 
0:0:0:0:0:0:0:1 -  -  [03/May/2015:10:12:26 +0000] "GET /demo/javax.faces.resource/theme.css.faces?ln=primefaces-bootstrap HTTP/1.1" 304 0 
0:0:0:0:0:0:0:1 -  -  [03/May/2015:10:12:27 +0000] "GET /demo/javax.faces.resource/primefaces.css.faces?ln=primefaces&v=4.0 HTTP/1.1" 304 0 
0:0:0:0:0:0:0:1 -  -  [03/May/2015:10:12:26 +0000] "GET /demo/javax.faces.resource/css/main.css.faces HTTP/1.1" 304 0 
0:0:0:0:0:0:0:1 -  -  [03/May/2015:10:12:27 +0000] "GET /demo/javax.faces.resource/layout/layout.css.faces?ln=primefaces&v=4.0 HTTP/1.1" 304 0 
0:0:0:0:0:0:0:1 -  -  [03/May/2015:10:12:27 +0000] "GET /demo/javax.faces.resource/js/main.js.faces HTTP/1.1" 304 0 
0:0:0:0:0:0:0:1 -  -  [03/May/2015:10:12:27 +0000] "GET /demo/javax.faces.resource/jquery/jquery-plugins.js.faces?ln=primefaces&v=4.0 HTTP/1.1" 304 0 
0:0:0:0:0:0:0:1 -  -  [03/May/2015:10:12:27 +0000] "GET /demo/javax.faces.resource/jquery/jquery.js.faces?ln=primefaces&v=4.0 HTTP/1.1" 304 0 
0:0:0:0:0:0:0:1 -  -  [03/May/2015:10:12:27 +0000] "GET /demo/javax.faces.resource/js/primefaces-locale.js.faces HTTP/1.1" 304 0 
0:0:0:0:0:0:0:1 -  -  [03/May/2015:10:12:27 +0000] "GET /demo/javax.faces.resource/primefaces.js.faces?ln=primefaces&v=4.0 HTTP/1.1" 304 0 
0:0:0:0:0:0:0:1 -  -  [03/May/2015:10:12:27 +0000] "GET /demo/javax.faces.resource/layout/layout.js.faces?ln=primefaces&v=4.0 HTTP/1.1" 304 0 
0:0:0:0:0:0:0:1 -  -  [03/May/2015:10:12:27 +0000] "GET /demo/javax.faces.resource/spacer/dot_clear.gif.faces?ln=primefaces&v=4.0 HTTP/1.1" 304 0 
0:0:0:0:0:0:0:1 -  -  [03/May/2015:10:12:35 +0000] "GET /demo/javax.faces.resource/images/ui-icons_333333_256x240.png.faces?ln=primefaces-bootstrap HTTP/1.1" 304 0 
0:0:0:0:0:0:0:1 -  -  [03/May/2015:10:12:35 +0000] "POST /demo/login.faces HTTP/1.1" 200 120 
0:0:0:0:0:0:0:1 -  -  [03/May/2015:10:12:36 +0000] "GET /demo/home.faces HTTP/1.1" 200 3376 
0:0:0:0:0:0:0:1 -  -  [03/May/2015:10:12:37 +0000] "GET /demo/javax.faces.resource/theme.css.faces?ln=primefaces-bootstrap HTTP/1.1" 304 0 
0:0:0:0:0:0:0:1 -  -  [03/May/2015:10:12:37 +0000] "GET /demo/javax.faces.resource/css/main.css.faces HTTP/1.1" 304 0 
0:0:0:0:0:0:0:1 -  -  [03/May/2015:10:12:37 +0000] "GET /demo/javax.faces.resource/primefaces.css.faces?ln=primefaces&v=4.0 HTTP/1.1" 304 0 
0:0:0:0:0:0:0:1 -  -  [03/May/2015:10:12:37 +0000] "GET /demo/javax.faces.resource/jquery/jquery.js.faces?ln=primefaces&v=4.0 HTTP/1.1" 304 0 
0:0:0:0:0:0:0:1 -  -  [03/May/2015:10:12:37 +0000] "GET /demo/javax.faces.resource/js/primefaces-locale.js.faces HTTP/1.1" 304 0 
0:0:0:0:0:0:0:1 -  -  [03/May/2015:10:12:37 +0000] "GET /demo/javax.faces.resource/layout/layout.js.faces?ln=primefaces&v=4.0 HTTP/1.1" 304 0 
0:0:0:0:0:0:0:1 -  -  [03/May/2015:10:12:37 +0000] "GET /demo/javax.faces.resource/jsf.js.faces?ln=javax.faces&stage=Development HTTP/1.1" 304 0 
0:0:0:0:0:0:0:1 -  -  [03/May/2015:10:12:37 +0000] "GET /demo/javax.faces.resource/js/main.js.faces HTTP/1.1" 304 0 
0:0:0:0:0:0:0:1 -  -  [03/May/2015:10:12:37 +0000] "GET /demo/javax.faces.resource/primefaces.js.faces?ln=primefaces&v=4.0 HTTP/1.1" 304 0 
0:0:0:0:0:0:0:1 -  -  [03/May/2015:10:12:37 +0000] "GET /demo/javax.faces.resource/layout/layout.css.faces?ln=primefaces&v=4.0 HTTP/1.1" 304 0 
0:0:0:0:0:0:0:1 -  -  [03/May/2015:10:12:37 +0000] "GET /demo/javax.faces.resource/jquery/jquery-plugins.js.faces?ln=primefaces&v=4.0 HTTP/1.1" 304 0 
0:0:0:0:0:0:0:1 -  -  [03/May/2015:10:13:01 +0000] "POST /demo/home.faces HTTP/1.1" 200 144 
0:0:0:0:0:0:0:1 -  -  [03/May/2015:10:13:01 +0000] "GET /demo/domain/dbuserSelect.faces?_cid=1c1 HTTP/1.1" 200 4618 
0:0:0:0:0:0:0:1 -  -  [03/May/2015:10:13:02 +0000] "GET /demo/javax.faces.resource/css/main.css.faces HTTP/1.1" 304 0 
0:0:0:0:0:0:0:1 -  -  [03/May/2015:10:13:02 +0000] "GET /demo/javax.faces.resource/primefaces.css.faces?ln=primefaces&v=4.0 HTTP/1.1" 304 0 
0:0:0:0:0:0:0:1 -  -  [03/May/2015:10:13:02 +0000] "GET /demo/javax.faces.resource/theme.css.faces?ln=primefaces-bootstrap HTTP/1.1" 304 0 
0:0:0:0:0:0:0:1 -  -  [03/May/2015:10:13:02 +0000] "GET /demo/javax.faces.resource/jquery/jquery-plugins.js.faces?ln=primefaces&v=4.0 HTTP/1.1" 304 0 
0:0:0:0:0:0:0:1 -  -  [03/May/2015:10:13:02 +0000] "GET /demo/javax.faces.resource/jquery/jquery.js.faces?ln=primefaces&v=4.0 HTTP/1.1" 304 0 
0:0:0:0:0:0:0:1 -  -  [03/May/2015:10:13:02 +0000] "GET /demo/javax.faces.resource/layout/layout.css.faces?ln=primefaces&v=4.0 HTTP/1.1" 304 0 
0:0:0:0:0:0:0:1 -  -  [03/May/2015:10:13:02 +0000] "GET /demo/javax.faces.resource/js/main.js.faces HTTP/1.1" 304 0 
0:0:0:0:0:0:0:1 -  -  [03/May/2015:10:13:02 +0000] "GET /demo/javax.faces.resource/js/primefaces-locale.js.faces HTTP/1.1" 304 0 
0:0:0:0:0:0:0:1 -  -  [03/May/2015:10:13:02 +0000] "GET /demo/javax.faces.resource/layout/layout.js.faces?ln=primefaces&v=4.0 HTTP/1.1" 304 0 
0:0:0:0:0:0:0:1 -  -  [03/May/2015:10:13:02 +0000] "GET /demo/javax.faces.resource/icons/ajaxloading.gif.faces HTTP/1.1" 304 0 
0:0:0:0:0:0:0:1 -  -  [03/May/2015:10:13:02 +0000] "GET /demo/javax.faces.resource/primefaces.js.faces?ln=primefaces&v=4.0 HTTP/1.1" 304 0 
0:0:0:0:0:0:0:1 -  -  [03/May/2015:10:13:02 +0000] "GET /demo/javax.faces.resource/icons/find.png.faces HTTP/1.1" 304 0 
0:0:0:0:0:0:0:1 -  -  [03/May/2015:10:13:02 +0000] "GET /demo/javax.faces.resource/icons/pencil.png.faces HTTP/1.1" 304 0 
0:0:0:0:0:0:0:1 -  -  [03/May/2015:10:13:02 +0000] "GET /demo/javax.faces.resource/icons/cross.png.faces HTTP/1.1" 304 0 
0:0:0:0:0:0:0:1 -  -  [03/May/2015:10:13:02 +0000] "GET /demo/javax.faces.resource/icons/excel.png.faces HTTP/1.1" 304 0 
0:0:0:0:0:0:0:1 -  -  [03/May/2015:10:13:02 +0000] "GET /demo/javax.faces.resource/icons/eye.png.faces HTTP/1.1" 304 0 
0:0:0:0:0:0:0:1 -  -  [03/May/2015:10:13:11 +0000] "POST /demo/domain/dbuserSelect.faces HTTP/1.1" 500 21921 
0:0:0:0:0:0:0:1 -  -  [03/May/2015:10:13:11 +0000] "GET /demo/javax.faces.resource/css/main.css.faces HTTP/1.1" 304 0 
0:0:0:0:0:0:0:1 -  -  [03/May/2015:10:13:11 +0000] "GET /demo/javax.faces.resource/theme.css.faces?ln=primefaces-bootstrap HTTP/1.1" 304 0 
0:0:0:0:0:0:0:1 -  -  [03/May/2015:10:13:11 +0000] "GET /demo/javax.faces.resource/primefaces.css.faces?ln=primefaces&v=4.0 HTTP/1.1" 304 0 
0:0:0:0:0:0:0:1 -  -  [03/May/2015:10:13:11 +0000] "GET /demo/javax.faces.resource/jquery/jquery.js.faces?ln=primefaces&v=4.0 HTTP/1.1" 304 0 
0:0:0:0:0:0:0:1 -  -  [03/May/2015:10:13:11 +0000] "GET /demo/javax.faces.resource/jquery/jquery-plugins.js.faces?ln=primefaces&v=4.0 HTTP/1.1" 304 0 
0:0:0:0:0:0:0:1 -  -  [03/May/2015:10:13:11 +0000] "GET /demo/javax.faces.resource/primefaces.js.faces?ln=primefaces&v=4.0 HTTP/1.1" 304 0 
0:0:0:0:0:0:0:1 -  -  [03/May/2015:10:13:11 +0000] "GET /demo/javax.faces.resource/layout/layout.css.faces?ln=primefaces&v=4.0 HTTP/1.1" 304 0 
0:0:0:0:0:0:0:1 -  -  [03/May/2015:10:13:12 +0000] "GET /demo/javax.faces.resource/js/main.js.faces HTTP/1.1" 304 0 
0:0:0:0:0:0:0:1 -  -  [03/May/2015:10:13:12 +0000] "GET /demo/javax.faces.resource/js/primefaces-locale.js.faces HTTP/1.1" 304 0 
0:0:0:0:0:0:0:1 -  -  [03/May/2015:10:13:11 +0000] "GET /demo/javax.faces.resource/layout/layout.js.faces?ln=primefaces&v=4.0 HTTP/1.1" 304 0 
0:0:0:0:0:0:0:1 -  -  [03/May/2015:10:13:36 +0000] "POST /demo/error/error.faces HTTP/1.1" 200 3846 
0:0:0:0:0:0:0:1 -  -  [03/May/2015:10:13:36 +0000] "GET /demo/javax.faces.resource/css/main.css.faces HTTP/1.1" 304 0 
0:0:0:0:0:0:0:1 -  -  [03/May/2015:10:13:36 +0000] "GET /demo/javax.faces.resource/theme.css.faces?ln=primefaces-bootstrap HTTP/1.1" 304 0 
0:0:0:0:0:0:0:1 -  -  [03/May/2015:10:13:36 +0000] "GET /demo/javax.faces.resource/jquery/jquery.js.faces?ln=primefaces&v=4.0 HTTP/1.1" 304 0 
0:0:0:0:0:0:0:1 -  -  [03/May/2015:10:13:36 +0000] "GET /demo/javax.faces.resource/layout/layout.css.faces?ln=primefaces&v=4.0 HTTP/1.1" 304 0 
0:0:0:0:0:0:0:1 -  -  [03/May/2015:10:13:36 +0000] "GET /demo/javax.faces.resource/primefaces.css.faces?ln=primefaces&v=4.0 HTTP/1.1" 304 0 
0:0:0:0:0:0:0:1 -  -  [03/May/2015:10:13:37 +0000] "GET /demo/javax.faces.resource/jquery/jquery-plugins.js.faces?ln=primefaces&v=4.0 HTTP/1.1" 304 0 
0:0:0:0:0:0:0:1 -  -  [03/May/2015:10:13:37 +0000] "GET /demo/javax.faces.resource/primefaces.js.faces?ln=primefaces&v=4.0 HTTP/1.1" 304 0 
0:0:0:0:0:0:0:1 -  -  [03/May/2015:10:13:37 +0000] "GET /demo/javax.faces.resource/layout/layout.js.faces?ln=primefaces&v=4.0 HTTP/1.1" 304 0 
0:0:0:0:0:0:0:1 -  -  [03/May/2015:10:13:37 +0000] "GET /demo/javax.faces.resource/js/main.js.faces HTTP/1.1" 304 0 
0:0:0:0:0:0:0:1 -  -  [03/May/2015:10:13:37 +0000] "GET /demo/javax.faces.resource/js/primefaces-locale.js.faces HTTP/1.1" 304 0 
0:0:0:0:0:0:0:1 -  -  [03/May/2015:10:13:55 +0000] "POST /demo/error/error.faces HTTP/1.1" 200 145 
0:0:0:0:0:0:0:1 -  -  [03/May/2015:10:13:55 +0000] "GET /demo/domain/accountSelect.faces?_cid=2c1 HTTP/1.1" 200 6588 
0:0:0:0:0:0:0:1 -  -  [03/May/2015:10:13:56 +0000] "GET /demo/javax.faces.resource/theme.css.faces?ln=primefaces-bootstrap HTTP/1.1" 304 0 
0:0:0:0:0:0:0:1 -  -  [03/May/2015:10:13:56 +0000] "GET /demo/javax.faces.resource/css/main.css.faces HTTP/1.1" 304 0 
0:0:0:0:0:0:0:1 -  -  [03/May/2015:10:13:56 +0000] "GET /demo/javax.faces.resource/primefaces.js.faces?ln=primefaces&v=4.0 HTTP/1.1" 304 0 
0:0:0:0:0:0:0:1 -  -  [03/May/2015:10:13:56 +0000] "GET /demo/javax.faces.resource/layout/layout.js.faces?ln=primefaces&v=4.0 HTTP/1.1" 304 0 
0:0:0:0:0:0:0:1 -  -  [03/May/2015:10:13:56 +0000] "GET /demo/javax.faces.resource/jquery/jquery-plugins.js.faces?ln=primefaces&v=4.0 HTTP/1.1" 304 0 
0:0:0:0:0:0:0:1 -  -  [03/May/2015:10:13:56 +0000] "GET /demo/javax.faces.resource/js/primefaces-locale.js.faces HTTP/1.1" 304 0 
0:0:0:0:0:0:0:1 -  -  [03/May/2015:10:13:56 +0000] "GET /demo/javax.faces.resource/icons/cross.png.faces HTTP/1.1" 304 0 
0:0:0:0:0:0:0:1 -  -  [03/May/2015:10:13:56 +0000] "GET /demo/javax.faces.resource/jquery/jquery.js.faces?ln=primefaces&v=4.0 HTTP/1.1" 304 0 
0:0:0:0:0:0:0:1 -  -  [03/May/2015:10:13:56 +0000] "GET /demo/javax.faces.resource/primefaces.css.faces?ln=primefaces&v=4.0 HTTP/1.1" 304 0 
0:0:0:0:0:0:0:1 -  -  [03/May/2015:10:13:56 +0000] "GET /demo/javax.faces.resource/layout/layout.css.faces?ln=primefaces&v=4.0 HTTP/1.1" 304 0 
0:0:0:0:0:0:0:1 -  -  [03/May/2015:10:13:56 +0000] "GET /demo/javax.faces.resource/icons/ajaxloading.gif.faces HTTP/1.1" 304 0 
0:0:0:0:0:0:0:1 -  -  [03/May/2015:10:13:56 +0000] "GET /demo/javax.faces.resource/js/main.js.faces HTTP/1.1" 304 0 
0:0:0:0:0:0:0:1 -  -  [03/May/2015:10:13:56 +0000] "GET /demo/javax.faces.resource/icons/tick.png.faces HTTP/1.1" 304 0 
0:0:0:0:0:0:0:1 -  -  [03/May/2015:10:14:19 +0000] "POST /demo/domain/accountSelect.faces HTTP/1.1" 302 0 
0:0:0:0:0:0:0:1 -  -  [03/May/2015:10:14:19 +0000] "GET /demo/domain/accountEdit.faces?_cid=2c2 HTTP/1.1" 200 5205 
0:0:0:0:0:0:0:1 -  -  [03/May/2015:10:14:21 +0000] "GET /demo/javax.faces.resource/theme.css.faces?ln=primefaces-bootstrap HTTP/1.1" 304 0 
0:0:0:0:0:0:0:1 -  -  [03/May/2015:10:14:21 +0000] "GET /demo/javax.faces.resource/primefaces.css.faces?ln=primefaces&v=4.0 HTTP/1.1" 304 0 
0:0:0:0:0:0:0:1 -  -  [03/May/2015:10:14:21 +0000] "GET /demo/javax.faces.resource/css/main.css.faces HTTP/1.1" 304 0 
0:0:0:0:0:0:0:1 -  -  [03/May/2015:10:14:21 +0000] "GET /demo/javax.faces.resource/layout/layout.css.faces?ln=primefaces&v=4.0 HTTP/1.1" 304 0 
0:0:0:0:0:0:0:1 -  -  [03/May/2015:10:14:21 +0000] "GET /demo/javax.faces.resource/js/primefaces-locale.js.faces HTTP/1.1" 304 0 
0:0:0:0:0:0:0:1 -  -  [03/May/2015:10:14:21 +0000] "GET /demo/javax.faces.resource/primefaces.js.faces?ln=primefaces&v=4.0 HTTP/1.1" 304 0 
0:0:0:0:0:0:0:1 -  -  [03/May/2015:10:14:21 +0000] "GET /demo/javax.faces.resource/js/main.js.faces HTTP/1.1" 304 0 
0:0:0:0:0:0:0:1 -  -  [03/May/2015:10:14:21 +0000] "GET /demo/javax.faces.resource/jquery/jquery.js.faces?ln=primefaces&v=4.0 HTTP/1.1" 304 0 
0:0:0:0:0:0:0:1 -  -  [03/May/2015:10:14:21 +0000] "GET /demo/javax.faces.resource/layout/layout.js.faces?ln=primefaces&v=4.0 HTTP/1.1" 304 0 
0:0:0:0:0:0:0:1 -  -  [03/May/2015:10:14:21 +0000] "GET /demo/javax.faces.resource/jquery/jquery-plugins.js.faces?ln=primefaces&v=4.0 HTTP/1.1" 304 0 
0:0:0:0:0:0:0:1 -  -  [03/May/2015:10:14:21 +0000] "GET /demo/javax.faces.resource/icons/add.png.faces HTTP/1.1" 304 0 
0:0:0:0:0:0:0:1 -  -  [03/May/2015:10:14:33 +0000] "POST /demo/domain/accountEdit.faces HTTP/1.1" 200 145 
0:0:0:0:0:0:0:1 -  -  [03/May/2015:10:14:33 +0000] "GET /demo/domain/accountSelect.faces?_cid=2c1 HTTP/1.1" 200 6880 
0:0:0:0:0:0:0:1 -  -  [03/May/2015:10:14:34 +0000] "GET /demo/javax.faces.resource/primefaces.css.faces?ln=primefaces&v=4.0 HTTP/1.1" 304 0 
0:0:0:0:0:0:0:1 -  -  [03/May/2015:10:14:34 +0000] "GET /demo/javax.faces.resource/jquery/jquery.js.faces?ln=primefaces&v=4.0 HTTP/1.1" 304 0 
0:0:0:0:0:0:0:1 -  -  [03/May/2015:10:14:34 +0000] "GET /demo/javax.faces.resource/layout/layout.css.faces?ln=primefaces&v=4.0 HTTP/1.1" 304 0 
0:0:0:0:0:0:0:1 -  -  [03/May/2015:10:14:34 +0000] "GET /demo/javax.faces.resource/jquery/jquery-plugins.js.faces?ln=primefaces&v=4.0 HTTP/1.1" 304 0 
0:0:0:0:0:0:0:1 -  -  [03/May/2015:10:14:34 +0000] "GET /demo/javax.faces.resource/css/main.css.faces HTTP/1.1" 304 0 
0:0:0:0:0:0:0:1 -  -  [03/May/2015:10:14:34 +0000] "GET /demo/javax.faces.resource/layout/layout.js.faces?ln=primefaces&v=4.0 HTTP/1.1" 304 0 
0:0:0:0:0:0:0:1 -  -  [03/May/2015:10:14:34 +0000] "GET /demo/javax.faces.resource/theme.css.faces?ln=primefaces-bootstrap HTTP/1.1" 304 0 
0:0:0:0:0:0:0:1 -  -  [03/May/2015:10:14:34 +0000] "GET /demo/javax.faces.resource/js/main.js.faces HTTP/1.1" 304 0 
0:0:0:0:0:0:0:1 -  -  [03/May/2015:10:14:34 +0000] "GET /demo/javax.faces.resource/icons/ajaxloading.gif.faces HTTP/1.1" 304 0 
0:0:0:0:0:0:0:1 -  -  [03/May/2015:10:14:34 +0000] "GET /demo/javax.faces.resource/primefaces.js.faces?ln=primefaces&v=4.0 HTTP/1.1" 304 0 
0:0:0:0:0:0:0:1 -  -  [03/May/2015:10:14:34 +0000] "GET /demo/javax.faces.resource/icons/tick.png.faces HTTP/1.1" 304 0 
0:0:0:0:0:0:0:1 -  -  [03/May/2015:10:14:34 +0000] "GET /demo/javax.faces.resource/js/primefaces-locale.js.faces HTTP/1.1" 304 0 
0:0:0:0:0:0:0:1 -  -  [03/May/2015:10:14:34 +0000] "GET /demo/javax.faces.resource/messages/messages.png.faces?ln=primefaces&v=4.0 HTTP/1.1" 304 0 
0:0:0:0:0:0:0:1 -  -  [03/May/2015:10:14:49 +0000] "POST /demo/domain/accountSelect.faces HTTP/1.1" 302 0 
0:0:0:0:0:0:0:1 -  -  [03/May/2015:10:14:49 +0000] "GET /demo/domain/accountEdit.faces?_cid=2c3 HTTP/1.1" 200 5268 
0:0:0:0:0:0:0:1 -  -  [03/May/2015:10:14:49 +0000] "GET /demo/javax.faces.resource/css/main.css.faces HTTP/1.1" 304 0 
0:0:0:0:0:0:0:1 -  -  [03/May/2015:10:14:49 +0000] "GET /demo/javax.faces.resource/jquery/jquery.js.faces?ln=primefaces&v=4.0 HTTP/1.1" 304 0 
0:0:0:0:0:0:0:1 -  -  [03/May/2015:10:14:49 +0000] "GET /demo/javax.faces.resource/primefaces.js.faces?ln=primefaces&v=4.0 HTTP/1.1" 304 0 
0:0:0:0:0:0:0:1 -  -  [03/May/2015:10:14:49 +0000] "GET /demo/javax.faces.resource/jquery/jquery-plugins.js.faces?ln=primefaces&v=4.0 HTTP/1.1" 304 0 
0:0:0:0:0:0:0:1 -  -  [03/May/2015:10:14:49 +0000] "GET /demo/javax.faces.resource/js/main.js.faces HTTP/1.1" 304 0 
0:0:0:0:0:0:0:1 -  -  [03/May/2015:10:14:49 +0000] "GET /demo/javax.faces.resource/layout/layout.js.faces?ln=primefaces&v=4.0 HTTP/1.1" 304 0 
0:0:0:0:0:0:0:1 -  -  [03/May/2015:10:14:49 +0000] "GET /demo/javax.faces.resource/primefaces.css.faces?ln=primefaces&v=4.0 HTTP/1.1" 304 0 
0:0:0:0:0:0:0:1 -  -  [03/May/2015:10:14:49 +0000] "GET /demo/javax.faces.resource/js/primefaces-locale.js.faces HTTP/1.1" 304 0 
0:0:0:0:0:0:0:1 -  -  [03/May/2015:10:14:49 +0000] "GET /demo/javax.faces.resource/layout/layout.css.faces?ln=primefaces&v=4.0 HTTP/1.1" 304 0 
0:0:0:0:0:0:0:1 -  -  [03/May/2015:10:14:49 +0000] "GET /demo/javax.faces.resource/theme.css.faces?ln=primefaces-bootstrap HTTP/1.1" 304 0 
0:0:0:0:0:0:0:1 -  -  [03/May/2015:10:14:55 +0000] "POST /demo/domain/accountEdit.faces HTTP/1.1" 200 145 
0:0:0:0:0:0:0:1 -  -  [03/May/2015:10:14:55 +0000] "GET /demo/domain/accountSelect.faces?_cid=2c1 HTTP/1.1" 200 6890 
0:0:0:0:0:0:0:1 -  -  [03/May/2015:10:14:56 +0000] "GET /demo/javax.faces.resource/css/main.css.faces HTTP/1.1" 304 0 
0:0:0:0:0:0:0:1 -  -  [03/May/2015:10:14:56 +0000] "GET /demo/javax.faces.resource/theme.css.faces?ln=primefaces-bootstrap HTTP/1.1" 304 0 
0:0:0:0:0:0:0:1 -  -  [03/May/2015:10:14:56 +0000] "GET /demo/javax.faces.resource/jquery/jquery-plugins.js.faces?ln=primefaces&v=4.0 HTTP/1.1" 304 0 
0:0:0:0:0:0:0:1 -  -  [03/May/2015:10:14:56 +0000] "GET /demo/javax.faces.resource/jquery/jquery.js.faces?ln=primefaces&v=4.0 HTTP/1.1" 304 0 
0:0:0:0:0:0:0:1 -  -  [03/May/2015:10:14:56 +0000] "GET /demo/javax.faces.resource/primefaces.css.faces?ln=primefaces&v=4.0 HTTP/1.1" 304 0 
0:0:0:0:0:0:0:1 -  -  [03/May/2015:10:14:56 +0000] "GET /demo/javax.faces.resource/primefaces.js.faces?ln=primefaces&v=4.0 HTTP/1.1" 304 0 
0:0:0:0:0:0:0:1 -  -  [03/May/2015:10:14:56 +0000] "GET /demo/javax.faces.resource/layout/layout.css.faces?ln=primefaces&v=4.0 HTTP/1.1" 304 0 
0:0:0:0:0:0:0:1 -  -  [03/May/2015:10:14:56 +0000] "GET /demo/javax.faces.resource/js/main.js.faces HTTP/1.1" 304 0 
0:0:0:0:0:0:0:1 -  -  [03/May/2015:10:14:56 +0000] "GET /demo/javax.faces.resource/icons/cross.png.faces HTTP/1.1" 304 0 
0:0:0:0:0:0:0:1 -  -  [03/May/2015:10:14:56 +0000] "GET /demo/javax.faces.resource/layout/layout.js.faces?ln=primefaces&v=4.0 HTTP/1.1" 304 0 
0:0:0:0:0:0:0:1 -  -  [03/May/2015:10:14:56 +0000] "GET /demo/javax.faces.resource/js/primefaces-locale.js.faces HTTP/1.1" 304 0 
0:0:0:0:0:0:0:1 -  -  [03/May/2015:10:14:56 +0000] "GET /demo/javax.faces.resource/icons/ajaxloading.gif.faces HTTP/1.1" 304 0 
0:0:0:0:0:0:0:1 -  -  [03/May/2015:10:14:56 +0000] "GET /demo/javax.faces.resource/icons/tick.png.faces HTTP/1.1" 304 0 
0:0:0:0:0:0:0:1 -  -  [03/May/2015:10:15:10 +0000] "GET /demo/monitoring HTTP/1.1" 200 17409 
0:0:0:0:0:0:0:1 -  -  [03/May/2015:10:15:11 +0000] "GET /demo/monitoring?resource=monitoring.css HTTP/1.1" 200 2647 
0:0:0:0:0:0:0:1 -  -  [03/May/2015:10:15:11 +0000] "GET /demo/monitoring?resource=systemmonitor.png HTTP/1.1" 200 1878 
0:0:0:0:0:0:0:1 -  -  [03/May/2015:10:15:11 +0000] "GET /demo/monitoring?resource=resizable_tables.js HTTP/1.1" 200 7003 
0:0:0:0:0:0:0:1 -  -  [03/May/2015:10:15:11 +0000] "GET /demo/monitoring?resource=sorttable.js HTTP/1.1" 200 17234 
0:0:0:0:0:0:0:1 -  -  [03/May/2015:10:15:11 +0000] "GET /demo/monitoring?resource=donate.gif HTTP/1.1" 200 1714 
0:0:0:0:0:0:0:1 -  -  [03/May/2015:10:15:11 +0000] "GET /demo/monitoring?resource=action_refresh.png HTTP/1.1" 200 391 
0:0:0:0:0:0:0:1 -  -  [03/May/2015:10:15:11 +0000] "GET /demo/monitoring?resource=effects.js HTTP/1.1" 200 33802 
0:0:0:0:0:0:0:1 -  -  [03/May/2015:10:15:11 +0000] "GET /demo/monitoring?resource=prototype.js HTTP/1.1" 200 61894 
0:0:0:0:0:0:0:1 -  -  [03/May/2015:10:15:11 +0000] "GET /demo/monitoring?resource=action_help.png HTTP/1.1" 200 786 
0:0:0:0:0:0:0:1 -  -  [03/May/2015:10:15:11 +0000] "GET /demo/monitoring?resource=calendar_view_month.png HTTP/1.1" 200 595 
0:0:0:0:0:0:0:1 -  -  [03/May/2015:10:15:11 +0000] "GET /demo/monitoring?resource=calendar_view_day.png HTTP/1.1" 200 572 
0:0:0:0:0:0:0:1 -  -  [03/May/2015:10:15:11 +0000] "GET /demo/monitoring?resource=calendar_view_week.png HTTP/1.1" 200 480 
0:0:0:0:0:0:0:1 -  -  [03/May/2015:10:15:11 +0000] "GET /demo/monitoring?resource=calendar.png HTTP/1.1" 200 675 
0:0:0:0:0:0:0:1 -  -  [03/May/2015:10:15:11 +0000] "GET /demo/monitoring?resource=backgroundGradient.png HTTP/1.1" 200 330 
0:0:0:0:0:0:0:1 -  -  [03/May/2015:10:15:12 +0000] "GET /demo/monitoring?resource=jsp.png HTTP/1.1" 200 3446 
0:0:0:0:0:0:0:1 -  -  [03/May/2015:10:15:12 +0000] "GET /demo/monitoring?resource=db.png HTTP/1.1" 200 6340 
0:0:0:0:0:0:0:1 -  -  [03/May/2015:10:15:12 +0000] "GET /demo/monitoring?resource=dbweb.png HTTP/1.1" 200 6199 
0:0:0:0:0:0:0:1 -  -  [03/May/2015:10:15:11 +0000] "GET /demo/monitoring?width=200&height=50&graph=httpSessions HTTP/1.1" 200 3464 
0:0:0:0:0:0:0:1 -  -  [03/May/2015:10:15:11 +0000] "GET /demo/monitoring?width=200&height=50&graph=cpu HTTP/1.1" 200 3345 
0:0:0:0:0:0:0:1 -  -  [03/May/2015:10:15:11 +0000] "GET /demo/monitoring?width=200&height=50&graph=usedMemory HTTP/1.1" 200 3620 
0:0:0:0:0:0:0:1 -  -  [03/May/2015:10:15:13 +0000] "GET /demo/monitoring?resource=bullets/plus.png HTTP/1.1" 200 960 
0:0:0:0:0:0:0:1 -  -  [03/May/2015:10:15:11 +0000] "GET /demo/monitoring?width=200&height=50&graph=activeThreads HTTP/1.1" 200 3507 
0:0:0:0:0:0:0:1 -  -  [03/May/2015:10:15:11 +0000] "GET /demo/monitoring?width=200&height=50&graph=activeConnections HTTP/1.1" 200 3680 
0:0:0:0:0:0:0:1 -  -  [03/May/2015:10:15:12 +0000] "GET /demo/monitoring?width=200&height=50&graph=sqlSystemErrors HTTP/1.1" 200 3459 
0:0:0:0:0:0:0:1 -  -  [03/May/2015:10:15:13 +0000] "GET /demo/monitoring?width=200&height=50&graph=jsfSystemErrors HTTP/1.1" 200 3625 
0:0:0:0:0:0:0:1 -  -  [03/May/2015:10:15:14 +0000] "GET /demo/monitoring?width=200&height=50&graph=jsfHitsRate HTTP/1.1" 200 3922 
0:0:0:0:0:0:0:1 -  -  [03/May/2015:10:15:14 +0000] "GET /demo/monitoring?width=200&height=50&graph=httpMeanTimes HTTP/1.1" 200 3719 
0:0:0:0:0:0:0:1 -  -  [03/May/2015:10:15:13 +0000] "GET /demo/monitoring?width=200&height=50&graph=sqlMeanTimes HTTP/1.1" 200 3691 
0:0:0:0:0:0:0:1 -  -  [03/May/2015:10:15:13 +0000] "GET /demo/monitoring?width=200&height=50&graph=httpHitsRate HTTP/1.1" 200 3487 
0:0:0:0:0:0:0:1 -  -  [03/May/2015:10:15:13 +0000] "GET /demo/monitoring?width=200&height=50&graph=sqlHitsRate HTTP/1.1" 200 3661 
0:0:0:0:0:0:0:1 -  -  [03/May/2015:10:15:14 +0000] "GET /demo/monitoring?width=200&height=50&graph=jsfMeanTimes HTTP/1.1" 200 3761 
0:0:0:0:0:0:0:1 -  -  [03/May/2015:10:15:14 +0000] "GET /demo/monitoring?width=200&height=50&graph=httpSystemErrors HTTP/1.1" 200 3632 
0:0:0:0:0:0:0:1 -  -  [03/May/2015:10:15:14 +0000] "GET /demo/monitoring?width=200&height=50&graph=usedConnections HTTP/1.1" 200 3598 
0:0:0:0:0:0:0:1 -  -  [03/May/2015:10:15:14 +0000] "GET /demo/monitoring?width=200&height=50&graph=loadedClassesCount HTTP/1.1" 200 3818 
0:0:0:0:0:0:0:1 -  -  [03/May/2015:10:15:14 +0000] "GET /demo/monitoring?width=200&height=50&graph=gc HTTP/1.1" 200 3784 
0:0:0:0:0:0:0:1 -  -  [03/May/2015:10:15:14 +0000] "GET /demo/monitoring?width=200&height=50&graph=threadCount HTTP/1.1" 200 3536 
0:0:0:0:0:0:0:1 -  -  [03/May/2015:10:15:14 +0000] "GET /demo/monitoring?width=200&height=50&graph=usedSwapSpaceSize HTTP/1.1" 200 3499 
0:0:0:0:0:0:0:1 -  -  [03/May/2015:10:15:14 +0000] "GET /demo/monitoring?width=200&height=50&graph=usedPhysicalMemorySize HTTP/1.1" 200 3888 
0:0:0:0:0:0:0:1 -  -  [03/May/2015:10:15:14 +0000] "GET /demo/monitoring?width=200&height=50&graph=usedNonHeapMemory HTTP/1.1" 200 3775 
0:0:0:0:0:0:0:1 -  -  [03/May/2015:10:15:14 +0000] "GET /demo/monitoring?resource=error.png HTTP/1.1" 200 1461 
0:0:0:0:0:0:0:1 -  -  [03/May/2015:10:15:14 +0000] "GET /demo/monitoring?resource=log.png HTTP/1.1" 200 1323 
0:0:0:0:0:0:0:1 -  -  [03/May/2015:10:15:14 +0000] "GET /demo/monitoring?resource=hourglass.png HTTP/1.1" 200 2742 
0:0:0:0:0:0:0:1 -  -  [03/May/2015:10:15:14 +0000] "GET /demo/monitoring?resource=systeminfo.png HTTP/1.1" 200 1845 
0:0:0:0:0:0:0:1 -  -  [03/May/2015:10:15:14 +0000] "GET /demo/monitoring?width=200&height=50&graph=httpSessionsMeanAge HTTP/1.1" 200 3928 
0:0:0:0:0:0:0:1 -  -  [03/May/2015:10:15:14 +0000] "GET /demo/monitoring?resource=broom.png HTTP/1.1" 200 784 
0:0:0:0:0:0:0:1 -  -  [03/May/2015:10:15:14 +0000] "GET /demo/monitoring?resource=heapdump.png HTTP/1.1" 200 476 
0:0:0:0:0:0:0:1 -  -  [03/May/2015:10:15:14 +0000] "GET /demo/monitoring?resource=memory.png HTTP/1.1" 200 9562 
0:0:0:0:0:0:0:1 -  -  [03/May/2015:10:15:14 +0000] "GET /demo/monitoring?resource=user-trash.png HTTP/1.1" 200 1772 
0:0:0:0:0:0:0:1 -  -  [03/May/2015:10:15:14 +0000] "GET /demo/monitoring?resource=system-users.png HTTP/1.1" 200 1883 
0:0:0:0:0:0:0:1 -  -  [03/May/2015:10:15:14 +0000] "GET /demo/monitoring?resource=xml.png HTTP/1.1" 200 603 
0:0:0:0:0:0:0:1 -  -  [03/May/2015:10:15:14 +0000] "GET /demo/monitoring?resource=mbeans.png HTTP/1.1" 200 1915 
0:0:0:0:0:0:0:1 -  -  [03/May/2015:10:15:14 +0000] "GET /demo/monitoring?resource=processes.png HTTP/1.1" 200 3057 
0:0:0:0:0:0:0:1 -  -  [03/May/2015:10:15:14 +0000] "GET /demo/monitoring?resource=jndi.png HTTP/1.1" 200 1373 
0:0:0:0:0:0:0:1 -  -  [03/May/2015:10:15:14 +0000] "GET /demo/monitoring?resource=bar/rb_a.gif HTTP/1.1" 200 839 
0:0:0:0:0:0:0:1 -  -  [03/May/2015:10:15:14 +0000] "GET /demo/monitoring?resource=bar/rb_3.gif HTTP/1.1" 200 120 
0:0:0:0:0:0:0:1 -  -  [03/May/2015:10:15:14 +0000] "GET /demo/monitoring?resource=bar/rb_5.gif HTTP/1.1" 200 84 
0:0:0:0:0:0:0:1 -  -  [03/May/2015:10:15:14 +0000] "GET /demo/monitoring?resource=bar/rb_0.gif HTTP/1.1" 200 77 
0:0:0:0:0:0:0:1 -  -  [03/May/2015:10:15:14 +0000] "GET /demo/monitoring?resource=bar/rb_b0.gif HTTP/1.1" 200 155 
0:0:0:0:0:0:0:1 -  -  [03/May/2015:10:15:14 +0000] "GET /demo/monitoring?resource=bar/rb_a0.gif HTTP/1.1" 200 154 
0:0:0:0:0:0:0:1 -  -  [03/May/2015:10:15:14 +0000] "GET /demo/monitoring?resource=servers/windows.png HTTP/1.1" 200 3685 
0:0:0:0:0:0:0:1 -  -  [03/May/2015:10:15:14 +0000] "GET /demo/monitoring?resource=alert.png HTTP/1.1" 200 1047 
0:0:0:0:0:0:0:1 -  -  [03/May/2015:10:15:14 +0000] "GET /demo/monitoring?resource=servers/jetty.png HTTP/1.1" 200 746 
0:0:0:0:0:0:0:1 -  -  [03/May/2015:10:15:14 +0000] "GET /demo/monitoring?resource=bar/rb_2.gif HTTP/1.1" 200 121 
0:0:0:0:0:0:0:1 -  -  [03/May/2015:10:15:14 +0000] "GET /demo/monitoring?resource=threads.png HTTP/1.1" 200 2399 
0:0:0:0:0:0:0:1 -  -  [03/May/2015:10:15:14 +0000] "GET /demo/monitoring?resource=bullets/green.png HTTP/1.1" 200 602 
0:0:0:0:0:0:0:1 -  -  [03/May/2015:10:15:14 +0000] "GET /demo/monitoring?resource=bullets/yellow.png HTTP/1.1" 200 666 
0:0:0:0:0:0:0:1 -  -  [03/May/2015:10:15:14 +0000] "GET /demo/monitoring?resource=stop.png HTTP/1.1" 200 700 
0:0:0:0:0:0:0:1 -  -  [03/May/2015:10:15:14 +0000] "GET /demo/monitoring?width=200&height=50&graph=jspHitsRate HTTP/1.1" 200 3487 
0:0:0:0:0:0:0:1 -  -  [03/May/2015:10:15:14 +0000] "GET /demo/monitoring?resource=text.png HTTP/1.1" 200 333 
0:0:0:0:0:0:0:1 -  -  [03/May/2015:10:15:14 +0000] "GET /demo/monitoring?resource=caches.png HTTP/1.1" 200 1239 
0:0:0:0:0:0:0:1 -  -  [03/May/2015:10:15:14 +0000] "GET /demo/monitoring?width=200&height=50&graph=transactionsRate HTTP/1.1" 200 3639 
0:0:0:0:0:0:0:1 -  -  [03/May/2015:10:15:14 +0000] "GET /demo/monitoring?width=200&height=50&graph=jspSystemErrors HTTP/1.1" 200 3559 
0:0:0:0:0:0:0:1 -  -  [03/May/2015:10:15:14 +0000] "GET /demo/monitoring?width=200&height=50&graph=jspMeanTimes HTTP/1.1" 200 3625 
0:0:0:0:0:0:0:1 -  -  [03/May/2015:10:16:10 +0000] "GET /demo/monitoring?part=mbeans HTTP/1.1" 200 7416 
0:0:0:0:0:0:0:1 -  -  [03/May/2015:10:16:11 +0000] "GET /demo/monitoring?resource=action_back.png HTTP/1.1" 200 398 
0:0:0:0:0:0:0:1 -  -  [03/May/2015:10:16:14 +0000] "GET /demo/monitoring?resource=bullets/minus.png HTTP/1.1" 200 957 
0:0:0:0:0:0:0:1 -  -  [03/May/2015:10:16:33 +0000] "GET /demo/monitoring?part=jndi HTTP/1.1" 200 2275 
0:0:0:0:0:0:0:1 -  -  [03/May/2015:10:16:33 +0000] "GET /demo/monitoring?resource=action_home.png HTTP/1.1" 200 606 
0:0:0:0:0:0:0:1 -  -  [03/May/2015:10:16:33 +0000] "GET /demo/monitoring?resource=folder.png HTTP/1.1" 200 397 
0:0:0:0:0:0:0:1 -  -  [03/May/2015:10:16:36 +0000] "GET /demo/monitoring?part=jndi&path=comp HTTP/1.1" 200 2337 
0:0:0:0:0:0:0:1 -  -  [03/May/2015:10:16:38 +0000] "GET /demo/monitoring?part=jndi&path=comp/env HTTP/1.1" 200 2079 
0:0:0:0:0:0:0:1 -  -  [03/May/2015:10:16:47 +0000] "GET /demo/monitoring? HTTP/1.1" 200 17504 
0:0:0:0:0:0:0:1 -  -  [03/May/2015:10:16:48 +0000] "GET /demo/monitoring?width=200&height=50&graph=usedMemory HTTP/1.1" 200 3611 
0:0:0:0:0:0:0:1 -  -  [03/May/2015:10:16:48 +0000] "GET /demo/monitoring?width=200&height=50&graph=cpu HTTP/1.1" 200 3342 
0:0:0:0:0:0:0:1 -  -  [03/May/2015:10:16:48 +0000] "GET /demo/monitoring?width=200&height=50&graph=usedConnections HTTP/1.1" 200 3593 
0:0:0:0:0:0:0:1 -  -  [03/May/2015:10:16:48 +0000] "GET /demo/monitoring?width=200&height=50&graph=httpSessions HTTP/1.1" 200 3458 
0:0:0:0:0:0:0:1 -  -  [03/May/2015:10:16:48 +0000] "GET /demo/monitoring?width=200&height=50&graph=activeConnections HTTP/1.1" 200 3673 
0:0:0:0:0:0:0:1 -  -  [03/May/2015:10:16:48 +0000] "GET /demo/monitoring?width=200&height=50&graph=activeThreads HTTP/1.1" 200 3500 
0:0:0:0:0:0:0:1 -  -  [03/May/2015:10:16:48 +0000] "GET /demo/monitoring?width=200&height=50&graph=loadedClassesCount HTTP/1.1" 200 3774 
0:0:0:0:0:0:0:1 -  -  [03/May/2015:10:16:48 +0000] "GET /demo/monitoring?width=200&height=50&graph=threadCount HTTP/1.1" 200 3558 
0:0:0:0:0:0:0:1 -  -  [03/May/2015:10:16:48 +0000] "GET /demo/monitoring?width=200&height=50&graph=httpSystemErrors HTTP/1.1" 200 3620 
0:0:0:0:0:0:0:1 -  -  [03/May/2015:10:16:49 +0000] "GET /demo/monitoring?width=200&height=50&graph=usedPhysicalMemorySize HTTP/1.1" 200 3875 
0:0:0:0:0:0:0:1 -  -  [03/May/2015:10:16:48 +0000] "GET /demo/monitoring?width=200&height=50&graph=gc HTTP/1.1" 200 3777 
0:0:0:0:0:0:0:1 -  -  [03/May/2015:10:16:48 +0000] "GET /demo/monitoring?width=200&height=50&graph=usedNonHeapMemory HTTP/1.1" 200 3748 
0:0:0:0:0:0:0:1 -  -  [03/May/2015:10:16:49 +0000] "GET /demo/monitoring?width=200&height=50&graph=usedSwapSpaceSize HTTP/1.1" 200 3494 
0:0:0:0:0:0:0:1 -  -  [03/May/2015:10:16:49 +0000] "GET /demo/monitoring?width=200&height=50&graph=transactionsRate HTTP/1.1" 200 3645 
0:0:0:0:0:0:0:1 -  -  [03/May/2015:10:16:49 +0000] "GET /demo/monitoring?width=200&height=50&graph=jspMeanTimes HTTP/1.1" 200 3618 
0:0:0:0:0:0:0:1 -  -  [03/May/2015:10:16:49 +0000] "GET /demo/monitoring?width=200&height=50&graph=httpSessionsMeanAge HTTP/1.1" 200 3905 
0:0:0:0:0:0:0:1 -  -  [03/May/2015:10:16:49 +0000] "GET /demo/monitoring?width=200&height=50&graph=httpHitsRate HTTP/1.1" 200 3468 
0:0:0:0:0:0:0:1 -  -  [03/May/2015:10:16:49 +0000] "GET /demo/monitoring?width=200&height=50&graph=jspSystemErrors HTTP/1.1" 200 3553 
0:0:0:0:0:0:0:1 -  -  [03/May/2015:10:16:49 +0000] "GET /demo/monitoring?width=200&height=50&graph=jspHitsRate HTTP/1.1" 200 3483 
0:0:0:0:0:0:0:1 -  -  [03/May/2015:10:16:49 +0000] "GET /demo/monitoring?width=200&height=50&graph=sqlSystemErrors HTTP/1.1" 200 3455 
0:0:0:0:0:0:0:1 -  -  [03/May/2015:10:16:49 +0000] "GET /demo/monitoring?width=200&height=50&graph=httpMeanTimes HTTP/1.1" 200 3709 
0:0:0:0:0:0:0:1 -  -  [03/May/2015:10:16:49 +0000] "GET /demo/monitoring?width=200&height=50&graph=jsfSystemErrors HTTP/1.1" 200 3618 
0:0:0:0:0:0:0:1 -  -  [03/May/2015:10:16:49 +0000] "GET /demo/monitoring?width=200&height=50&graph=sqlHitsRate HTTP/1.1" 200 3679 
0:0:0:0:0:0:0:1 -  -  [03/May/2015:10:16:49 +0000] "GET /demo/monitoring?width=200&height=50&graph=jsfMeanTimes HTTP/1.1" 200 3750 
0:0:0:0:0:0:0:1 -  -  [03/May/2015:10:16:49 +0000] "GET /demo/monitoring?width=200&height=50&graph=sqlMeanTimes HTTP/1.1" 200 3685 
0:0:0:0:0:0:0:1 -  -  [03/May/2015:10:16:49 +0000] "GET /demo/monitoring?width=200&height=50&graph=jsfHitsRate HTTP/1.1" 200 3832 
0:0:0:0:0:0:0:1 -  -  [03/May/2015:10:18:15 +0000] "GET /demo/monitoring?action=gc HTTP/1.1" 200 18051 
0:0:0:0:0:0:0:1 -  -  [03/May/2015:10:18:17 +0000] "GET /demo/monitoring?width=200&height=50&graph=cpu HTTP/1.1" 200 3525 
0:0:0:0:0:0:0:1 -  -  [03/May/2015:10:18:17 +0000] "GET /demo/monitoring?width=200&height=50&graph=httpSessions HTTP/1.1" 200 3468 
0:0:0:0:0:0:0:1 -  -  [03/May/2015:10:18:17 +0000] "GET /demo/monitoring?width=200&height=50&graph=activeThreads HTTP/1.1" 200 3508 
0:0:0:0:0:0:0:1 -  -  [03/May/2015:10:18:17 +0000] "GET /demo/monitoring?width=200&height=50&graph=usedMemory HTTP/1.1" 200 3633 
0:0:0:0:0:0:0:1 -  -  [03/May/2015:10:18:17 +0000] "GET /demo/monitoring?width=200&height=50&graph=activeConnections HTTP/1.1" 200 3682 
0:0:0:0:0:0:0:1 -  -  [03/May/2015:10:18:17 +0000] "GET /demo/monitoring?width=200&height=50&graph=usedConnections HTTP/1.1" 200 3602 
0:0:0:0:0:0:0:1 -  -  [03/May/2015:10:18:17 +0000] "GET /demo/monitoring?width=200&height=50&graph=sqlSystemErrors HTTP/1.1" 200 3464 
0:0:0:0:0:0:0:1 -  -  [03/May/2015:10:18:17 +0000] "GET /demo/monitoring?width=200&height=50&graph=httpHitsRate HTTP/1.1" 200 3494 
0:0:0:0:0:0:0:1 -  -  [03/May/2015:10:18:17 +0000] "GET /demo/monitoring?width=200&height=50&graph=jsfSystemErrors HTTP/1.1" 200 3628 
0:0:0:0:0:0:0:1 -  -  [03/May/2015:10:18:18 +0000] "GET /demo/monitoring?width=200&height=50&graph=httpSystemErrors HTTP/1.1" 200 3630 
0:0:0:0:0:0:0:1 -  -  [03/May/2015:10:18:18 +0000] "GET /demo/monitoring?width=200&height=50&graph=sqlMeanTimes HTTP/1.1" 200 3696 
0:0:0:0:0:0:0:1 -  -  [03/May/2015:10:18:18 +0000] "GET /demo/monitoring?width=200&height=50&graph=jsfHitsRate HTTP/1.1" 200 3842 
0:0:0:0:0:0:0:1 -  -  [03/May/2015:10:18:18 +0000] "GET /demo/monitoring?width=200&height=50&graph=httpMeanTimes HTTP/1.1" 200 3717 
0:0:0:0:0:0:0:1 -  -  [03/May/2015:10:18:18 +0000] "GET /demo/monitoring?width=200&height=50&graph=threadCount HTTP/1.1" 200 3549 
0:0:0:0:0:0:0:1 -  -  [03/May/2015:10:18:18 +0000] "GET /demo/monitoring?width=200&height=50&graph=sqlHitsRate HTTP/1.1" 200 3665 
0:0:0:0:0:0:0:1 -  -  [03/May/2015:10:18:18 +0000] "GET /demo/monitoring?width=200&height=50&graph=jsfMeanTimes HTTP/1.1" 200 3756 
0:0:0:0:0:0:0:1 -  -  [03/May/2015:10:18:18 +0000] "GET /demo/monitoring?width=200&height=50&graph=gc HTTP/1.1" 200 3784 
0:0:0:0:0:0:0:1 -  -  [03/May/2015:10:18:18 +0000] "GET /demo/monitoring?width=200&height=50&graph=usedPhysicalMemorySize HTTP/1.1" 200 3887 
0:0:0:0:0:0:0:1 -  -  [03/May/2015:10:18:18 +0000] "GET /demo/monitoring?width=200&height=50&graph=usedSwapSpaceSize HTTP/1.1" 200 3502 
0:0:0:0:0:0:0:1 -  -  [03/May/2015:10:18:18 +0000] "GET /demo/monitoring?width=200&height=50&graph=loadedClassesCount HTTP/1.1" 200 3788 
0:0:0:0:0:0:0:1 -  -  [03/May/2015:10:18:18 +0000] "GET /demo/monitoring?width=200&height=50&graph=httpSessionsMeanAge HTTP/1.1" 200 3862 
0:0:0:0:0:0:0:1 -  -  [03/May/2015:10:18:18 +0000] "GET /demo/monitoring?resource=bar/rb_1.gif HTTP/1.1" 200 118 
0:0:0:0:0:0:0:1 -  -  [03/May/2015:10:18:18 +0000] "GET /demo/monitoring?width=200&height=50&graph=jspHitsRate HTTP/1.1" 200 3491 
0:0:0:0:0:0:0:1 -  -  [03/May/2015:10:18:18 +0000] "GET /demo/monitoring?width=200&height=50&graph=usedNonHeapMemory HTTP/1.1" 200 3793 
0:0:0:0:0:0:0:1 -  -  [03/May/2015:10:18:18 +0000] "GET /demo/monitoring?width=200&height=50&graph=transactionsRate HTTP/1.1" 200 3600 
0:0:0:0:0:0:0:1 -  -  [03/May/2015:10:18:18 +0000] "GET /demo/monitoring?width=200&height=50&graph=jspSystemErrors HTTP/1.1" 200 3562 
0:0:0:0:0:0:0:1 -  -  [03/May/2015:10:18:18 +0000] "GET /demo/monitoring?width=200&height=50&graph=jspMeanTimes HTTP/1.1" 200 3627 
0:0:0:0:0:0:0:1 -  -  [03/May/2015:10:18:20 +0000] "GET /demo/monitoring HTTP/1.1" 200 17776 
0:0:0:0:0:0:0:1 -  -  [03/May/2015:10:18:21 +0000] "GET /demo/monitoring?width=200&height=50&graph=httpSessions HTTP/1.1" 200 3468 
0:0:0:0:0:0:0:1 -  -  [03/May/2015:10:18:21 +0000] "GET /demo/monitoring?width=200&height=50&graph=cpu HTTP/1.1" 200 3525 
0:0:0:0:0:0:0:1 -  -  [03/May/2015:10:18:21 +0000] "GET /demo/monitoring?width=200&height=50&graph=usedMemory HTTP/1.1" 200 3633 
0:0:0:0:0:0:0:1 -  -  [03/May/2015:10:18:21 +0000] "GET /demo/monitoring?width=200&height=50&graph=usedConnections HTTP/1.1" 200 3602 
0:0:0:0:0:0:0:1 -  -  [03/May/2015:10:18:21 +0000] "GET /demo/monitoring?width=200&height=50&graph=activeConnections HTTP/1.1" 200 3682 
0:0:0:0:0:0:0:1 -  -  [03/May/2015:10:18:21 +0000] "GET /demo/monitoring?width=200&height=50&graph=activeThreads HTTP/1.1" 200 3508 
0:0:0:0:0:0:0:1 -  -  [03/May/2015:10:18:21 +0000] "GET /demo/monitoring?width=200&height=50&graph=sqlMeanTimes HTTP/1.1" 200 3696 
0:0:0:0:0:0:0:1 -  -  [03/May/2015:10:18:21 +0000] "GET /demo/monitoring?width=200&height=50&graph=httpSystemErrors HTTP/1.1" 200 3630 
0:0:0:0:0:0:0:1 -  -  [03/May/2015:10:18:22 +0000] "GET /demo/monitoring?width=200&height=50&graph=jsfMeanTimes HTTP/1.1" 200 3756 
0:0:0:0:0:0:0:1 -  -  [03/May/2015:10:18:21 +0000] "GET /demo/monitoring?width=200&height=50&graph=httpMeanTimes HTTP/1.1" 200 3717 
0:0:0:0:0:0:0:1 -  -  [03/May/2015:10:18:22 +0000] "GET /demo/monitoring?width=200&height=50&graph=gc HTTP/1.1" 200 3784 
0:0:0:0:0:0:0:1 -  -  [03/May/2015:10:18:22 +0000] "GET /demo/monitoring?width=200&height=50&graph=threadCount HTTP/1.1" 200 3549 
0:0:0:0:0:0:0:1 -  -  [03/May/2015:10:18:22 +0000] "GET /demo/monitoring?width=200&height=50&graph=loadedClassesCount HTTP/1.1" 200 3788 
0:0:0:0:0:0:0:1 -  -  [03/May/2015:10:18:21 +0000] "GET /demo/monitoring?width=200&height=50&graph=jsfSystemErrors HTTP/1.1" 200 3628 
0:0:0:0:0:0:0:1 -  -  [03/May/2015:10:18:22 +0000] "GET /demo/monitoring?width=200&height=50&graph=usedPhysicalMemorySize HTTP/1.1" 200 3887 
0:0:0:0:0:0:0:1 -  -  [03/May/2015:10:18:22 +0000] "GET /demo/monitoring?width=200&height=50&graph=usedNonHeapMemory HTTP/1.1" 200 3793 
0:0:0:0:0:0:0:1 -  -  [03/May/2015:10:18:22 +0000] "GET /demo/monitoring?width=200&height=50&graph=usedSwapSpaceSize HTTP/1.1" 200 3502 
0:0:0:0:0:0:0:1 -  -  [03/May/2015:10:18:22 +0000] "GET /demo/monitoring?width=200&height=50&graph=httpSessionsMeanAge HTTP/1.1" 200 3862 
0:0:0:0:0:0:0:1 -  -  [03/May/2015:10:18:22 +0000] "GET /demo/monitoring?width=200&height=50&graph=jspHitsRate HTTP/1.1" 200 3491 
0:0:0:0:0:0:0:1 -  -  [03/May/2015:10:18:22 +0000] "GET /demo/monitoring?width=200&height=50&graph=sqlHitsRate HTTP/1.1" 200 3665 
0:0:0:0:0:0:0:1 -  -  [03/May/2015:10:18:22 +0000] "GET /demo/monitoring?width=200&height=50&graph=jspSystemErrors HTTP/1.1" 200 3562 
0:0:0:0:0:0:0:1 -  -  [03/May/2015:10:18:22 +0000] "GET /demo/monitoring?width=200&height=50&graph=transactionsRate HTTP/1.1" 200 3600 
0:0:0:0:0:0:0:1 -  -  [03/May/2015:10:18:22 +0000] "GET /demo/monitoring?width=200&height=50&graph=sqlSystemErrors HTTP/1.1" 200 3464 
0:0:0:0:0:0:0:1 -  -  [03/May/2015:10:18:22 +0000] "GET /demo/monitoring?width=200&height=50&graph=jspMeanTimes HTTP/1.1" 200 3627 
0:0:0:0:0:0:0:1 -  -  [03/May/2015:10:18:22 +0000] "GET /demo/monitoring?width=200&height=50&graph=jsfHitsRate HTTP/1.1" 200 3842 
0:0:0:0:0:0:0:1 -  -  [03/May/2015:10:18:22 +0000] "GET /demo/monitoring?width=200&height=50&graph=httpHitsRate HTTP/1.1" 200 3494 
0:0:0:0:0:0:0:1 -  -  [03/May/2015:10:18:24 +0000] "GET /demo/monitoring?part=connections HTTP/1.1" 200 1876 
0:0:0:0:0:0:0:1 -  -  [03/May/2015:10:18:56 +0000] "GET /demo/monitoring? HTTP/1.1" 200 17783 
0:0:0:0:0:0:0:1 -  -  [03/May/2015:10:18:57 +0000] "GET /demo/monitoring?width=200&height=50&graph=activeConnections HTTP/1.1" 200 3682 
0:0:0:0:0:0:0:1 -  -  [03/May/2015:10:18:57 +0000] "GET /demo/monitoring?width=200&height=50&graph=activeThreads HTTP/1.1" 200 3508 
0:0:0:0:0:0:0:1 -  -  [03/May/2015:10:18:58 +0000] "GET /demo/monitoring?resource=bar/rb_4.gif HTTP/1.1" 200 122 
0:0:0:0:0:0:0:1 -  -  [03/May/2015:10:18:57 +0000] "GET /demo/monitoring?width=200&height=50&graph=cpu HTTP/1.1" 200 3525 
0:0:0:0:0:0:0:1 -  -  [03/May/2015:10:18:57 +0000] "GET /demo/monitoring?width=200&height=50&graph=usedConnections HTTP/1.1" 200 3602 
0:0:0:0:0:0:0:1 -  -  [03/May/2015:10:18:57 +0000] "GET /demo/monitoring?width=200&height=50&graph=httpSessions HTTP/1.1" 200 3468 
0:0:0:0:0:0:0:1 -  -  [03/May/2015:10:18:58 +0000] "GET /demo/monitoring?width=200&height=50&graph=httpHitsRate HTTP/1.1" 200 3494 
0:0:0:0:0:0:0:1 -  -  [03/May/2015:10:18:57 +0000] "GET /demo/monitoring?width=200&height=50&graph=usedMemory HTTP/1.1" 200 3633 
0:0:0:0:0:0:0:1 -  -  [03/May/2015:10:18:58 +0000] "GET /demo/monitoring?width=200&height=50&graph=gc HTTP/1.1" 200 3784 
0:0:0:0:0:0:0:1 -  -  [03/May/2015:10:18:58 +0000] "GET /demo/monitoring?width=200&height=50&graph=threadCount HTTP/1.1" 200 3549 
0:0:0:0:0:0:0:1 -  -  [03/May/2015:10:18:58 +0000] "GET /demo/monitoring?width=200&height=50&graph=loadedClassesCount HTTP/1.1" 200 3788 
0:0:0:0:0:0:0:1 -  -  [03/May/2015:10:18:58 +0000] "GET /demo/monitoring?width=200&height=50&graph=usedPhysicalMemorySize HTTP/1.1" 200 3887 
0:0:0:0:0:0:0:1 -  -  [03/May/2015:10:18:58 +0000] "GET /demo/monitoring?width=200&height=50&graph=usedNonHeapMemory HTTP/1.1" 200 3793 
0:0:0:0:0:0:0:1 -  -  [03/May/2015:10:18:58 +0000] "GET /demo/monitoring?width=200&height=50&graph=transactionsRate HTTP/1.1" 200 3600 
0:0:0:0:0:0:0:1 -  -  [03/May/2015:10:18:58 +0000] "GET /demo/monitoring?width=200&height=50&graph=jspHitsRate HTTP/1.1" 200 3491 
0:0:0:0:0:0:0:1 -  -  [03/May/2015:10:18:58 +0000] "GET /demo/monitoring?width=200&height=50&graph=httpSessionsMeanAge HTTP/1.1" 200 3862 
0:0:0:0:0:0:0:1 -  -  [03/May/2015:10:18:58 +0000] "GET /demo/monitoring?width=200&height=50&graph=usedSwapSpaceSize HTTP/1.1" 200 3502 
0:0:0:0:0:0:0:1 -  -  [03/May/2015:10:18:58 +0000] "GET /demo/monitoring?width=200&height=50&graph=jspSystemErrors HTTP/1.1" 200 3562 
0:0:0:0:0:0:0:1 -  -  [03/May/2015:10:18:58 +0000] "GET /demo/monitoring?width=200&height=50&graph=jspMeanTimes HTTP/1.1" 200 3627 
0:0:0:0:0:0:0:1 -  -  [03/May/2015:10:18:58 +0000] "GET /demo/monitoring?width=200&height=50&graph=httpSystemErrors HTTP/1.1" 200 3630 
0:0:0:0:0:0:0:1 -  -  [03/May/2015:10:18:58 +0000] "GET /demo/monitoring?width=200&height=50&graph=sqlHitsRate HTTP/1.1" 200 3665 
0:0:0:0:0:0:0:1 -  -  [03/May/2015:10:18:58 +0000] "GET /demo/monitoring?width=200&height=50&graph=jsfHitsRate HTTP/1.1" 200 3842 
0:0:0:0:0:0:0:1 -  -  [03/May/2015:10:18:58 +0000] "GET /demo/monitoring?width=200&height=50&graph=httpMeanTimes HTTP/1.1" 200 3717 
0:0:0:0:0:0:0:1 -  -  [03/May/2015:10:18:58 +0000] "GET /demo/monitoring?width=200&height=50&graph=jsfSystemErrors HTTP/1.1" 200 3628 
0:0:0:0:0:0:0:1 -  -  [03/May/2015:10:18:58 +0000] "GET /demo/monitoring?width=200&height=50&graph=sqlSystemErrors HTTP/1.1" 200 3464 
0:0:0:0:0:0:0:1 -  -  [03/May/2015:10:18:58 +0000] "GET /demo/monitoring?width=200&height=50&graph=jsfMeanTimes HTTP/1.1" 200 3756 
0:0:0:0:0:0:0:1 -  -  [03/May/2015:10:18:58 +0000] "GET /demo/monitoring?width=200&height=50&graph=sqlMeanTimes HTTP/1.1" 200 3696 
0:0:0:0:0:0:0:1 -  -  [03/May/2015:10:19:00 +0000] "GET /demo/domain/accountEdit.faces?_cid=2c3 HTTP/1.1" 302 0 
0:0:0:0:0:0:0:1 -  -  [03/May/2015:10:19:00 +0000] "GET /demo/domain/accountSelect.faces?_cid=2c1 HTTP/1.1" 200 6587 
0:0:0:0:0:0:0:1 -  -  [03/May/2015:10:19:00 +0000] "GET /demo/domain/accountSelect.faces?_cid=2c1 HTTP/1.1" 200 6585 
0:0:0:0:0:0:0:1 -  -  [03/May/2015:10:19:00 +0000] "GET /demo/domain/accountSelect.faces?_cid=2c1 HTTP/1.1" 200 6541 
0:0:0:0:0:0:0:1 -  -  [03/May/2015:10:19:55 +0000] "GET /demo/domain/dbuserSelect.faces?_cid=1c1 HTTP/1.1" 200 4644 
0:0:0:0:0:0:0:1 -  -  [03/May/2015:10:19:56 +0000] "GET /demo/javax.faces.resource/primefaces.css.faces?ln=primefaces&v=4.0 HTTP/1.1" 304 0 
0:0:0:0:0:0:0:1 -  -  [03/May/2015:10:19:56 +0000] "GET /demo/javax.faces.resource/css/main.css.faces HTTP/1.1" 304 0 
0:0:0:0:0:0:0:1 -  -  [03/May/2015:10:19:56 +0000] "GET /demo/javax.faces.resource/primefaces.js.faces?ln=primefaces&v=4.0 HTTP/1.1" 304 0 
0:0:0:0:0:0:0:1 -  -  [03/May/2015:10:19:56 +0000] "GET /demo/javax.faces.resource/theme.css.faces?ln=primefaces-bootstrap HTTP/1.1" 304 0 
0:0:0:0:0:0:0:1 -  -  [03/May/2015:10:19:56 +0000] "GET /demo/javax.faces.resource/jquery/jquery-plugins.js.faces?ln=primefaces&v=4.0 HTTP/1.1" 304 0 
0:0:0:0:0:0:0:1 -  -  [03/May/2015:10:19:56 +0000] "GET /demo/javax.faces.resource/js/main.js.faces HTTP/1.1" 304 0 
0:0:0:0:0:0:0:1 -  -  [03/May/2015:10:19:56 +0000] "GET /demo/javax.faces.resource/jquery/jquery.js.faces?ln=primefaces&v=4.0 HTTP/1.1" 304 0 
0:0:0:0:0:0:0:1 -  -  [03/May/2015:10:19:56 +0000] "GET /demo/javax.faces.resource/js/primefaces-locale.js.faces HTTP/1.1" 304 0 
0:0:0:0:0:0:0:1 -  -  [03/May/2015:10:19:56 +0000] "GET /demo/javax.faces.resource/icons/ajaxloading.gif.faces HTTP/1.1" 304 0 
0:0:0:0:0:0:0:1 -  -  [03/May/2015:10:19:56 +0000] "GET /demo/javax.faces.resource/layout/layout.js.faces?ln=primefaces&v=4.0 HTTP/1.1" 304 0 
0:0:0:0:0:0:0:1 -  -  [03/May/2015:10:19:56 +0000] "GET /demo/javax.faces.resource/layout/layout.css.faces?ln=primefaces&v=4.0 HTTP/1.1" 304 0 
0:0:0:0:0:0:0:1 -  -  [03/May/2015:10:30:10 +0000] "POST /demo/domain/dbuserSelect.faces HTTP/1.1" 302 0 
0:0:0:0:0:0:0:1 -  -  [03/May/2015:10:30:10 +0000] "GET /demo/login.faces HTTP/1.1" 200 189 
0:0:0:0:0:0:0:1 -  -  [03/May/2015:10:30:21 +0000] "POST /demo/domain/dbuserSelect.faces HTTP/1.1" 302 0 
0:0:0:0:0:0:0:1 -  -  [03/May/2015:10:30:21 +0000] "GET /demo/login.faces HTTP/1.1" 200 191 
0:0:0:0:0:0:0:1 -  -  [03/May/2015:10:30:27 +0000] "POST /demo/domain/dbuserSelect.faces HTTP/1.1" 302 0 
0:0:0:0:0:0:0:1 -  -  [03/May/2015:10:30:27 +0000] "GET /demo/login.faces HTTP/1.1" 200 190 
0:0:0:0:0:0:0:1 -  -  [03/May/2015:10:30:30 +0000] "GET /demo/domain/accountSelect.faces?_cid=2c1 HTTP/1.1" 302 0 
0:0:0:0:0:0:0:1 -  -  [03/May/2015:10:30:30 +0000] "GET /demo/login.faces HTTP/1.1" 200 2583 
0:0:0:0:0:0:0:1 -  -  [03/May/2015:10:30:30 +0000] "GET /demo/javax.faces.resource/layout/layout.css.faces?ln=primefaces&v=4.0 HTTP/1.1" 304 0 
0:0:0:0:0:0:0:1 -  -  [03/May/2015:10:30:30 +0000] "GET /demo/javax.faces.resource/css/main.css.faces HTTP/1.1" 304 0 
0:0:0:0:0:0:0:1 -  -  [03/May/2015:10:30:30 +0000] "GET /demo/javax.faces.resource/primefaces.css.faces?ln=primefaces&v=4.0 HTTP/1.1" 304 0 
0:0:0:0:0:0:0:1 -  -  [03/May/2015:10:30:30 +0000] "GET /demo/javax.faces.resource/jquery/jquery.js.faces?ln=primefaces&v=4.0 HTTP/1.1" 304 0 
0:0:0:0:0:0:0:1 -  -  [03/May/2015:10:30:30 +0000] "GET /demo/javax.faces.resource/theme.css.faces?ln=primefaces-bootstrap HTTP/1.1" 304 0 
0:0:0:0:0:0:0:1 -  -  [03/May/2015:10:30:30 +0000] "GET /demo/javax.faces.resource/jquery/jquery-plugins.js.faces?ln=primefaces&v=4.0 HTTP/1.1" 304 0 
0:0:0:0:0:0:0:1 -  -  [03/May/2015:10:30:30 +0000] "GET /demo/javax.faces.resource/layout/layout.js.faces?ln=primefaces&v=4.0 HTTP/1.1" 304 0 
0:0:0:0:0:0:0:1 -  -  [03/May/2015:10:30:30 +0000] "GET /demo/javax.faces.resource/js/primefaces-locale.js.faces HTTP/1.1" 304 0 
0:0:0:0:0:0:0:1 -  -  [03/May/2015:10:30:30 +0000] "GET /demo/javax.faces.resource/primefaces.js.faces?ln=primefaces&v=4.0 HTTP/1.1" 304 0 
0:0:0:0:0:0:0:1 -  -  [03/May/2015:10:30:30 +0000] "GET /demo/javax.faces.resource/js/main.js.faces HTTP/1.1" 304 0 
0:0:0:0:0:0:0:1 -  -  [03/May/2015:10:30:30 +0000] "GET /demo/javax.faces.resource/spacer/dot_clear.gif.faces?ln=primefaces&v=4.0 HTTP/1.1" 304 0 
0:0:0:0:0:0:0:1 -  -  [03/May/2015:10:30:55 +0000] "POST /demo/login.faces HTTP/1.1" 200 120 
0:0:0:0:0:0:0:1 -  -  [03/May/2015:10:30:55 +0000] "GET /demo/home.faces HTTP/1.1" 200 3380 
0:0:0:0:0:0:0:1 -  -  [03/May/2015:10:30:55 +0000] "GET /demo/javax.faces.resource/css/main.css.faces HTTP/1.1" 304 0 
0:0:0:0:0:0:0:1 -  -  [03/May/2015:10:30:55 +0000] "GET /demo/javax.faces.resource/jquery/jquery.js.faces?ln=primefaces&v=4.0 HTTP/1.1" 304 0 
0:0:0:0:0:0:0:1 -  -  [03/May/2015:10:30:55 +0000] "GET /demo/javax.faces.resource/primefaces.css.faces?ln=primefaces&v=4.0 HTTP/1.1" 304 0 
0:0:0:0:0:0:0:1 -  -  [03/May/2015:10:30:55 +0000] "GET /demo/javax.faces.resource/theme.css.faces?ln=primefaces-bootstrap HTTP/1.1" 304 0 
0:0:0:0:0:0:0:1 -  -  [03/May/2015:10:30:55 +0000] "GET /demo/javax.faces.resource/primefaces.js.faces?ln=primefaces&v=4.0 HTTP/1.1" 304 0 
0:0:0:0:0:0:0:1 -  -  [03/May/2015:10:30:56 +0000] "GET /demo/javax.faces.resource/layout/layout.css.faces?ln=primefaces&v=4.0 HTTP/1.1" 304 0 
0:0:0:0:0:0:0:1 -  -  [03/May/2015:10:30:56 +0000] "GET /demo/javax.faces.resource/layout/layout.js.faces?ln=primefaces&v=4.0 HTTP/1.1" 304 0 
0:0:0:0:0:0:0:1 -  -  [03/May/2015:10:30:56 +0000] "GET /demo/javax.faces.resource/js/main.js.faces HTTP/1.1" 304 0 
0:0:0:0:0:0:0:1 -  -  [03/May/2015:10:30:56 +0000] "GET /demo/javax.faces.resource/js/primefaces-locale.js.faces HTTP/1.1" 304 0 
0:0:0:0:0:0:0:1 -  -  [03/May/2015:10:30:56 +0000] "GET /demo/javax.faces.resource/jsf.js.faces?ln=javax.faces&stage=Development HTTP/1.1" 304 0 
0:0:0:0:0:0:0:1 -  -  [03/May/2015:10:30:56 +0000] "GET /demo/javax.faces.resource/jquery/jquery-plugins.js.faces?ln=primefaces&v=4.0 HTTP/1.1" 304 0 
0:0:0:0:0:0:0:1 -  -  [03/May/2015:10:33:49 +0000] "POST /demo/home.faces HTTP/1.1" 302 0 
0:0:0:0:0:0:0:1 -  -  [03/May/2015:10:33:49 +0000] "GET /demo/home.faces HTTP/1.1" 200 3446 
0:0:0:0:0:0:0:1 -  -  [03/May/2015:10:33:49 +0000] "GET /demo/javax.faces.resource/theme.css.faces?ln=primefaces-bootstrap HTTP/1.1" 304 0 
0:0:0:0:0:0:0:1 -  -  [03/May/2015:10:33:49 +0000] "GET /demo/javax.faces.resource/css/main.css.faces HTTP/1.1" 304 0 
0:0:0:0:0:0:0:1 -  -  [03/May/2015:10:33:49 +0000] "GET /demo/javax.faces.resource/jquery/jquery.js.faces?ln=primefaces&v=4.0 HTTP/1.1" 304 0 
0:0:0:0:0:0:0:1 -  -  [03/May/2015:10:33:49 +0000] "GET /demo/javax.faces.resource/primefaces.css.faces?ln=primefaces&v=4.0 HTTP/1.1" 304 0 
0:0:0:0:0:0:0:1 -  -  [03/May/2015:10:33:50 +0000] "GET /demo/javax.faces.resource/layout/layout.css.faces?ln=primefaces&v=4.0 HTTP/1.1" 304 0 
0:0:0:0:0:0:0:1 -  -  [03/May/2015:10:33:50 +0000] "GET /demo/javax.faces.resource/jquery/jquery-plugins.js.faces?ln=primefaces&v=4.0 HTTP/1.1" 304 0 
0:0:0:0:0:0:0:1 -  -  [03/May/2015:10:33:50 +0000] "GET /demo/javax.faces.resource/js/primefaces-locale.js.faces HTTP/1.1" 304 0 
0:0:0:0:0:0:0:1 -  -  [03/May/2015:10:33:50 +0000] "GET /demo/javax.faces.resource/js/main.js.faces HTTP/1.1" 304 0 
0:0:0:0:0:0:0:1 -  -  [03/May/2015:10:33:50 +0000] "GET /demo/javax.faces.resource/primefaces.js.faces?ln=primefaces&v=4.0 HTTP/1.1" 304 0 
0:0:0:0:0:0:0:1 -  -  [03/May/2015:10:33:50 +0000] "GET /demo/javax.faces.resource/layout/layout.js.faces?ln=primefaces&v=4.0 HTTP/1.1" 304 0 
0:0:0:0:0:0:0:1 -  -  [03/May/2015:10:33:50 +0000] "GET /demo/javax.faces.resource/jsf.js.faces?ln=javax.faces&stage=Development HTTP/1.1" 304 0 
0:0:0:0:0:0:0:1 -  -  [03/May/2015:10:33:50 +0000] "GET /demo/javax.faces.resource/icons/us.gif.faces HTTP/1.1" 200 1006 
0:0:0:0:0:0:0:1 -  -  [03/May/2015:10:33:58 +0000] "POST /demo/home.faces HTTP/1.1" 302 0 
0:0:0:0:0:0:0:1 -  -  [03/May/2015:10:33:58 +0000] "GET /demo/home.faces HTTP/1.1" 200 3377 
0:0:0:0:0:0:0:1 -  -  [03/May/2015:10:33:58 +0000] "GET /demo/javax.faces.resource/css/main.css.faces HTTP/1.1" 304 0 
0:0:0:0:0:0:0:1 -  -  [03/May/2015:10:33:58 +0000] "GET /demo/javax.faces.resource/theme.css.faces?ln=primefaces-bootstrap HTTP/1.1" 304 0 
0:0:0:0:0:0:0:1 -  -  [03/May/2015:10:33:58 +0000] "GET /demo/javax.faces.resource/primefaces.css.faces?ln=primefaces&v=4.0 HTTP/1.1" 304 0 
0:0:0:0:0:0:0:1 -  -  [03/May/2015:10:33:58 +0000] "GET /demo/javax.faces.resource/jquery/jquery.js.faces?ln=primefaces&v=4.0 HTTP/1.1" 304 0 
0:0:0:0:0:0:0:1 -  -  [03/May/2015:10:33:58 +0000] "GET /demo/javax.faces.resource/primefaces.js.faces?ln=primefaces&v=4.0 HTTP/1.1" 304 0 
0:0:0:0:0:0:0:1 -  -  [03/May/2015:10:33:58 +0000] "GET /demo/javax.faces.resource/js/main.js.faces HTTP/1.1" 304 0 
0:0:0:0:0:0:0:1 -  -  [03/May/2015:10:33:58 +0000] "GET /demo/javax.faces.resource/layout/layout.css.faces?ln=primefaces&v=4.0 HTTP/1.1" 304 0 
0:0:0:0:0:0:0:1 -  -  [03/May/2015:10:33:58 +0000] "GET /demo/javax.faces.resource/layout/layout.js.faces?ln=primefaces&v=4.0 HTTP/1.1" 304 0 
0:0:0:0:0:0:0:1 -  -  [03/May/2015:10:33:58 +0000] "GET /demo/javax.faces.resource/js/primefaces-locale.js.faces HTTP/1.1" 304 0 
0:0:0:0:0:0:0:1 -  -  [03/May/2015:10:33:58 +0000] "GET /demo/javax.faces.resource/jquery/jquery-plugins.js.faces?ln=primefaces&v=4.0 HTTP/1.1" 304 0 
0:0:0:0:0:0:0:1 -  -  [03/May/2015:10:33:58 +0000] "GET /demo/javax.faces.resource/jsf.js.faces?ln=javax.faces&stage=Development HTTP/1.1" 304 0 
0:0:0:0:0:0:0:1 -  -  [03/May/2015:10:39:21 +0000] "GET /demo/logout.faces HTTP/1.1" 302 0 
0:0:0:0:0:0:0:1 -  -  [03/May/2015:10:39:21 +0000] "GET /demo/home.faces HTTP/1.1" 200 3322 
0:0:0:0:0:0:0:1 -  -  [03/May/2015:10:39:22 +0000] "GET /demo/javax.faces.resource/css/main.css.faces HTTP/1.1" 304 0 
0:0:0:0:0:0:0:1 -  -  [03/May/2015:10:39:22 +0000] "GET /demo/javax.faces.resource/jquery/jquery-plugins.js.faces?ln=primefaces&v=4.0 HTTP/1.1" 304 0 
0:0:0:0:0:0:0:1 -  -  [03/May/2015:10:39:22 +0000] "GET /demo/javax.faces.resource/jquery/jquery.js.faces?ln=primefaces&v=4.0 HTTP/1.1" 304 0 
0:0:0:0:0:0:0:1 -  -  [03/May/2015:10:39:22 +0000] "GET /demo/javax.faces.resource/theme.css.faces?ln=primefaces-bootstrap HTTP/1.1" 304 0 
0:0:0:0:0:0:0:1 -  -  [03/May/2015:10:39:22 +0000] "GET /demo/javax.faces.resource/primefaces.js.faces?ln=primefaces&v=4.0 HTTP/1.1" 304 0 
0:0:0:0:0:0:0:1 -  -  [03/May/2015:10:39:22 +0000] "GET /demo/javax.faces.resource/js/primefaces-locale.js.faces HTTP/1.1" 304 0 
0:0:0:0:0:0:0:1 -  -  [03/May/2015:10:39:22 +0000] "GET /demo/javax.faces.resource/layout/layout.js.faces?ln=primefaces&v=4.0 HTTP/1.1" 304 0 
0:0:0:0:0:0:0:1 -  -  [03/May/2015:10:39:22 +0000] "GET /demo/javax.faces.resource/js/main.js.faces HTTP/1.1" 304 0 
0:0:0:0:0:0:0:1 -  -  [03/May/2015:10:39:22 +0000] "GET /demo/javax.faces.resource/layout/layout.css.faces?ln=primefaces&v=4.0 HTTP/1.1" 304 0 
0:0:0:0:0:0:0:1 -  -  [03/May/2015:10:39:22 +0000] "GET /demo/javax.faces.resource/primefaces.css.faces?ln=primefaces&v=4.0 HTTP/1.1" 304 0 
0:0:0:0:0:0:0:1 -  -  [03/May/2015:10:39:22 +0000] "GET /demo/javax.faces.resource/jsf.js.faces?ln=javax.faces&stage=Development HTTP/1.1" 304 0 
0:0:0:0:0:0:0:1 -  -  [03/May/2015:10:39:37 +0000] "GET /demo/javax.faces.resource/css/main.css.faces HTTP/1.1" 304 0 
0:0:0:0:0:0:0:1 -  -  [03/May/2015:10:39:37 +0000] "GET /demo/javax.faces.resource/layout/layout.css.faces?ln=primefaces&v=4.0 HTTP/1.1" 304 0 
0:0:0:0:0:0:0:1 -  -  [03/May/2015:10:39:37 +0000] "GET /demo/javax.faces.resource/theme.css.faces?ln=primefaces-bootstrap HTTP/1.1" 304 0 
0:0:0:0:0:0:0:1 -  -  [03/May/2015:10:39:37 +0000] "GET /demo/javax.faces.resource/primefaces.css.faces?ln=primefaces&v=4.0 HTTP/1.1" 304 0 
0:0:0:0:0:0:0:1 -  -  [03/May/2015:10:39:49 +0000] "GET /demo/login.faces HTTP/1.1" 200 2580 
0:0:0:0:0:0:0:1 -  -  [03/May/2015:10:39:49 +0000] "GET /demo/javax.faces.resource/css/main.css.faces HTTP/1.1" 304 0 
0:0:0:0:0:0:0:1 -  -  [03/May/2015:10:39:49 +0000] "GET /demo/javax.faces.resource/primefaces.css.faces?ln=primefaces&v=4.0 HTTP/1.1" 304 0 
0:0:0:0:0:0:0:1 -  -  [03/May/2015:10:39:49 +0000] "GET /demo/javax.faces.resource/jquery/jquery.js.faces?ln=primefaces&v=4.0 HTTP/1.1" 304 0 
0:0:0:0:0:0:0:1 -  -  [03/May/2015:10:39:49 +0000] "GET /demo/javax.faces.resource/theme.css.faces?ln=primefaces-bootstrap HTTP/1.1" 304 0 
0:0:0:0:0:0:0:1 -  -  [03/May/2015:10:39:49 +0000] "GET /demo/javax.faces.resource/js/main.js.faces HTTP/1.1" 304 0 
0:0:0:0:0:0:0:1 -  -  [03/May/2015:10:39:49 +0000] "GET /demo/javax.faces.resource/primefaces.js.faces?ln=primefaces&v=4.0 HTTP/1.1" 304 0 
0:0:0:0:0:0:0:1 -  -  [03/May/2015:10:39:49 +0000] "GET /demo/javax.faces.resource/layout/layout.css.faces?ln=primefaces&v=4.0 HTTP/1.1" 304 0 
0:0:0:0:0:0:0:1 -  -  [03/May/2015:10:39:49 +0000] "GET /demo/javax.faces.resource/jquery/jquery-plugins.js.faces?ln=primefaces&v=4.0 HTTP/1.1" 304 0 
0:0:0:0:0:0:0:1 -  -  [03/May/2015:10:39:49 +0000] "GET /demo/javax.faces.resource/spacer/dot_clear.gif.faces?ln=primefaces&v=4.0 HTTP/1.1" 304 0 
0:0:0:0:0:0:0:1 -  -  [03/May/2015:10:39:49 +0000] "GET /demo/javax.faces.resource/js/primefaces-locale.js.faces HTTP/1.1" 304 0 
0:0:0:0:0:0:0:1 -  -  [03/May/2015:10:39:49 +0000] "GET /demo/javax.faces.resource/layout/layout.js.faces?ln=primefaces&v=4.0 HTTP/1.1" 304 0 
